#! /usr/local/Cellar/icarus-verilog/11.0/bin/vvp
:ivl_version "11.0 (stable)";
:ivl_delay_selection "TYPICAL";
:vpi_time_precision + 0;
:vpi_module "/usr/local/Cellar/icarus-verilog/11.0/lib/ivl/system.vpi";
:vpi_module "/usr/local/Cellar/icarus-verilog/11.0/lib/ivl/vhdl_sys.vpi";
:vpi_module "/usr/local/Cellar/icarus-verilog/11.0/lib/ivl/vhdl_textio.vpi";
:vpi_module "/usr/local/Cellar/icarus-verilog/11.0/lib/ivl/v2005_math.vpi";
:vpi_module "/usr/local/Cellar/icarus-verilog/11.0/lib/ivl/va_math.vpi";
S_0x7f8ded438080 .scope module, "MUX4_32" "MUX4_32" 2 1;
 .timescale 0 0;
    .port_info 0 /INPUT 32 "data1_i";
    .port_info 1 /INPUT 32 "data2_i";
    .port_info 2 /INPUT 32 "data3_i";
    .port_info 3 /INPUT 32 "data4_i";
    .port_info 4 /INPUT 2 "select_i";
    .port_info 5 /OUTPUT 32 "data_o";
L_0x7f8dee873008 .functor BUFT 1, C4<00>, C4<0>, C4<0>, C4<0>;
v0x7f8ded437950_0 .net/2u *"_ivl_0", 1 0, L_0x7f8dee873008;  1 drivers
v0x7f8ded48f5c0_0 .net *"_ivl_10", 0 0, L_0x7f8ded4ac660;  1 drivers
L_0x7f8dee8730e0 .functor BUFT 1, C4<11>, C4<0>, C4<0>, C4<0>;
v0x7f8ded48f660_0 .net/2u *"_ivl_12", 1 0, L_0x7f8dee8730e0;  1 drivers
v0x7f8ded48f700_0 .net *"_ivl_14", 0 0, L_0x7f8ded4ac740;  1 drivers
v0x7f8ded48f7a0_0 .net *"_ivl_16", 31 0, L_0x7f8ded4ac860;  1 drivers
v0x7f8ded48f890_0 .net *"_ivl_18", 31 0, L_0x7f8ded4ac940;  1 drivers
v0x7f8ded48f940_0 .net *"_ivl_2", 0 0, L_0x7f8ded4ac460;  1 drivers
v0x7f8ded48f9e0_0 .net *"_ivl_20", 31 0, L_0x7f8ded4aca60;  1 drivers
L_0x7f8dee873050 .functor BUFT 1, C4<01>, C4<0>, C4<0>, C4<0>;
v0x7f8ded48fa90_0 .net/2u *"_ivl_4", 1 0, L_0x7f8dee873050;  1 drivers
v0x7f8ded48fba0_0 .net *"_ivl_6", 0 0, L_0x7f8ded4ac540;  1 drivers
L_0x7f8dee873098 .functor BUFT 1, C4<10>, C4<0>, C4<0>, C4<0>;
v0x7f8ded48fc40_0 .net/2u *"_ivl_8", 1 0, L_0x7f8dee873098;  1 drivers
o0x7f8dee842218 .functor BUFZ 32, C4<zzzzzzzzzzzzzzzzzzzzzzzzzzzzzzzz>; HiZ drive
v0x7f8ded48fcf0_0 .net "data1_i", 31 0, o0x7f8dee842218;  0 drivers
o0x7f8dee842248 .functor BUFZ 32, C4<zzzzzzzzzzzzzzzzzzzzzzzzzzzzzzzz>; HiZ drive
v0x7f8ded48fda0_0 .net "data2_i", 31 0, o0x7f8dee842248;  0 drivers
o0x7f8dee842278 .functor BUFZ 32, C4<zzzzzzzzzzzzzzzzzzzzzzzzzzzzzzzz>; HiZ drive
v0x7f8ded48fe50_0 .net "data3_i", 31 0, o0x7f8dee842278;  0 drivers
o0x7f8dee8422a8 .functor BUFZ 32, C4<zzzzzzzzzzzzzzzzzzzzzzzzzzzzzzzz>; HiZ drive
v0x7f8ded48ff00_0 .net "data4_i", 31 0, o0x7f8dee8422a8;  0 drivers
v0x7f8ded48ffb0_0 .net "data_o", 31 0, L_0x7f8ded4acbc0;  1 drivers
o0x7f8dee842308 .functor BUFZ 2, C4<zz>; HiZ drive
v0x7f8ded490060_0 .net "select_i", 1 0, o0x7f8dee842308;  0 drivers
L_0x7f8ded4ac460 .cmp/eq 2, o0x7f8dee842308, L_0x7f8dee873008;
L_0x7f8ded4ac540 .cmp/eq 2, o0x7f8dee842308, L_0x7f8dee873050;
L_0x7f8ded4ac660 .cmp/eq 2, o0x7f8dee842308, L_0x7f8dee873098;
L_0x7f8ded4ac740 .cmp/eq 2, o0x7f8dee842308, L_0x7f8dee8730e0;
L_0x7f8ded4ac860 .functor MUXZ 32, o0x7f8dee842218, o0x7f8dee8422a8, L_0x7f8ded4ac740, C4<>;
L_0x7f8ded4ac940 .functor MUXZ 32, L_0x7f8ded4ac860, o0x7f8dee842278, L_0x7f8ded4ac660, C4<>;
L_0x7f8ded4aca60 .functor MUXZ 32, L_0x7f8ded4ac940, o0x7f8dee842248, L_0x7f8ded4ac540, C4<>;
L_0x7f8ded4acbc0 .functor MUXZ 32, L_0x7f8ded4aca60, o0x7f8dee842218, L_0x7f8ded4ac460, C4<>;
S_0x7f8ded419270 .scope module, "TestBench" "TestBench" 3 3;
 .timescale 0 0;
P_0x7f8ded451fd0 .param/l "num_cycles" 0 3 10, +C4<00000000000000000000000001000000>;
v0x7f8ded4abea0_0 .var "Clk", 0 0;
v0x7f8ded4ac030_0 .var "Reset", 0 0;
v0x7f8ded4ac0c0_0 .var "Start", 0 0;
v0x7f8ded4ac150_0 .var/i "counter", 31 0;
v0x7f8ded4ac1e0_0 .var/i "flush", 31 0;
v0x7f8ded4ac2b0_0 .var/i "i", 31 0;
v0x7f8ded4ac340_0 .var/i "outfile", 31 0;
v0x7f8ded4ac3d0_0 .var/i "stall", 31 0;
S_0x7f8ded490260 .scope module, "CPU" "CPU" 3 14, 4 1 0, S_0x7f8ded419270;
 .timescale 0 0;
    .port_info 0 /INPUT 1 "clk_i";
    .port_info 1 /INPUT 1 "rst_i";
    .port_info 2 /INPUT 1 "start_i";
v0x7f8ded4a9070_0 .net "ALUOp", 2 0, L_0x7f8ded4ae910;  1 drivers
v0x7f8ded4a9140_0 .net "ALU_i1", 31 0, L_0x7f8ded4afc30;  1 drivers
v0x7f8ded4a9210_0 .net "Add_imm_data_o", 31 0, L_0x7f8ded4ace60;  1 drivers
v0x7f8ded4a92e0_0 .net "DM_o", 31 0, L_0x7f8ded4b30b0;  1 drivers
v0x7f8ded4a93b0_0 .net "EX_MEM_ALUResult", 31 0, v0x7f8ded4a0e80_0;  1 drivers
v0x7f8ded4a9480_0 .net "EX_MEM_MemRead_o", 0 0, v0x7f8ded4a0fc0_0;  1 drivers
v0x7f8ded4a9550_0 .net "EX_MEM_MemWrite_o", 0 0, v0x7f8ded4a1140_0;  1 drivers
v0x7f8ded4a9620_0 .net "EX_MEM_MemtoReg_o", 0 0, v0x7f8ded4a1260_0;  1 drivers
v0x7f8ded4a96f0_0 .net "EX_MEM_RDaddr_o", 4 0, v0x7f8ded4a1420_0;  1 drivers
v0x7f8ded4a9800_0 .net "EX_MEM_RegWrite_o", 0 0, v0x7f8ded4a1540_0;  1 drivers
v0x7f8ded4a9890_0 .net "EX_MEM_muxB", 31 0, v0x7f8ded4a1770_0;  1 drivers
v0x7f8ded4a9920_0 .net "ExRs1", 4 0, v0x7f8ded4a2cb0_0;  1 drivers
v0x7f8ded4a99f0_0 .net "ExRs2", 4 0, v0x7f8ded4a2dd0_0;  1 drivers
v0x7f8ded4a9ac0_0 .net "ForwardA", 1 0, L_0x7f8ded4b5730;  1 drivers
v0x7f8ded4a9b90_0 .net "ForwardB", 1 0, L_0x7f8ded4b6430;  1 drivers
v0x7f8ded4a9c60_0 .net "ID_EX_ALUOp_o", 2 0, v0x7f8ded4a2050_0;  1 drivers
v0x7f8ded4a9d30_0 .net "ID_EX_ALUSrc_o", 0 0, v0x7f8ded4a2170_0;  1 drivers
v0x7f8ded4a9ec0_0 .net "ID_EX_MemRead_o", 0 0, v0x7f8ded4a23b0_0;  1 drivers
v0x7f8ded4a9f50_0 .net "ID_EX_MemWrite_o", 0 0, v0x7f8ded4a2590_0;  1 drivers
v0x7f8ded4a9fe0_0 .net "ID_EX_MemtoReg_o", 0 0, v0x7f8ded4a26b0_0;  1 drivers
v0x7f8ded4aa070_0 .net "ID_EX_RDaddr_o", 4 0, v0x7f8ded4a27d0_0;  1 drivers
v0x7f8ded4aa100_0 .net "ID_EX_RS1data_o", 31 0, v0x7f8ded4a2930_0;  1 drivers
v0x7f8ded4aa190_0 .net "ID_EX_RS2data_o", 31 0, v0x7f8ded4a2b90_0;  1 drivers
v0x7f8ded4aa260_0 .net "ID_EX_RegWrite_o", 0 0, v0x7f8ded4a2f30_0;  1 drivers
v0x7f8ded4aa330_0 .net "ID_EX_funct_o", 9 0, v0x7f8ded4a3100_0;  1 drivers
v0x7f8ded4aa400_0 .net "ID_EX_imm_o", 31 0, v0x7f8ded4a3260_0;  1 drivers
v0x7f8ded4aa4d0_0 .net "IF_ID_instr", 31 0, v0x7f8ded4a3b70_0;  1 drivers
v0x7f8ded4aa5a0_0 .net "IF_ID_pc_o", 31 0, v0x7f8ded4a3cd0_0;  1 drivers
v0x7f8ded4aa670_0 .net "MEM_WB_ALUResult", 31 0, v0x7f8ded4a42f0_0;  1 drivers
v0x7f8ded4aa740_0 .net "MEM_WB_DM_o", 31 0, v0x7f8ded4a4940_0;  1 drivers
v0x7f8ded4aa810_0 .net "MEM_WB_MemtoReg_o", 0 0, v0x7f8ded4a4410_0;  1 drivers
v0x7f8ded4aa8e0_0 .net "MEM_WB_RDaddr_o", 4 0, v0x7f8ded4a45b0_0;  1 drivers
v0x7f8ded4aa970_0 .net "MEM_WB_RegWrite_o", 0 0, v0x7f8ded4a4710_0;  1 drivers
v0x7f8ded4a9dc0_0 .net "NoOp", 0 0, L_0x7f8ded4b47f0;  1 drivers
v0x7f8ded4aac00_0 .net "PCWrite", 0 0, L_0x7f8ded4b3b30;  1 drivers
v0x7f8ded4aacd0_0 .net "PC_i", 31 0, L_0x7f8ded4acd20;  1 drivers
v0x7f8ded4aada0_0 .net "PC_o", 31 0, v0x7f8ded4a0770_0;  1 drivers
v0x7f8ded4aaeb0_0 .net "WB_Write_Data", 31 0, L_0x7f8ded4afef0;  1 drivers
v0x7f8ded4aafc0_0 .net *"_ivl_11", 2 0, L_0x7f8ded4b3270;  1 drivers
v0x7f8ded4ab050_0 .net *"_ivl_9", 6 0, L_0x7f8ded4b31d0;  1 drivers
v0x7f8ded4ab0e0_0 .net "alu_ctrl", 3 0, L_0x7f8ded4bc810;  1 drivers
v0x7f8ded4ab170_0 .net "alu_result", 31 0, L_0x7f8ded4b9580;  1 drivers
v0x7f8ded4ab200_0 .net "branch", 0 0, L_0x7f8ded4aeb30;  1 drivers
v0x7f8ded4ab2d0_0 .net "clk_i", 0 0, v0x7f8ded4abea0_0;  1 drivers
v0x7f8ded4ab360_0 .net "ctrl_alu_src", 0 0, L_0x7f8ded4aeba0;  1 drivers
v0x7f8ded4ab430_0 .net "ctrl_memread", 0 0, L_0x7f8ded4ae210;  1 drivers
v0x7f8ded4ab500_0 .net "ctrl_memtoreg", 0 0, L_0x7f8ded4ade70;  1 drivers
v0x7f8ded4ab5d0_0 .net "ctrl_memwrite", 0 0, L_0x7f8ded4ae580;  1 drivers
v0x7f8ded4ab6a0_0 .net "ctrl_reg_write", 0 0, L_0x7f8ded4adae0;  1 drivers
v0x7f8ded4ab770_0 .net "flush", 0 0, L_0x7f8ded4ad260;  1 drivers
v0x7f8ded4ab800_0 .net "imm_out", 31 0, L_0x7f8ded4b2470;  1 drivers
v0x7f8ded4ab890_0 .net "instr", 31 0, L_0x7f8ded4ad6a0;  1 drivers
v0x7f8ded4ab960_0 .net "muxA_o", 31 0, L_0x7f8ded4b6b10;  1 drivers
v0x7f8ded4aba30_0 .net "muxB_o", 31 0, L_0x7f8ded4b70a0;  1 drivers
v0x7f8ded4abac0_0 .net "mux_pc", 31 0, L_0x7f8ded4afd50;  1 drivers
v0x7f8ded4abb90_0 .net "reg_data1_temp", 31 0, L_0x7f8ded4af450;  1 drivers
v0x7f8ded4abc20_0 .net "reg_data2_temp", 31 0, L_0x7f8ded4af950;  1 drivers
v0x7f8ded4abcb0_0 .net "rst_i", 0 0, v0x7f8ded4ac030_0;  1 drivers
v0x7f8ded4abd40_0 .net "stall", 0 0, L_0x7f8ded4b4160;  1 drivers
v0x7f8ded4abe10_0 .net "start_i", 0 0, v0x7f8ded4ac0c0_0;  1 drivers
L_0x7f8ded4aef60 .part v0x7f8ded4a3b70_0, 0, 7;
L_0x7f8ded4afa70 .part v0x7f8ded4a3b70_0, 15, 5;
L_0x7f8ded4afb90 .part v0x7f8ded4a3b70_0, 20, 5;
L_0x7f8ded4b31d0 .part v0x7f8ded4a3b70_0, 25, 7;
L_0x7f8ded4b3270 .part v0x7f8ded4a3b70_0, 12, 3;
L_0x7f8ded4b3310 .concat [ 3 7 0 0], L_0x7f8ded4b3270, L_0x7f8ded4b31d0;
L_0x7f8ded4b3430 .part v0x7f8ded4a3b70_0, 7, 5;
L_0x7f8ded4b3510 .part v0x7f8ded4a3b70_0, 15, 5;
L_0x7f8ded4b35b0 .part v0x7f8ded4a3b70_0, 20, 5;
L_0x7f8ded4b4920 .part v0x7f8ded4a3b70_0, 15, 5;
L_0x7f8ded4b4a40 .part v0x7f8ded4a3b70_0, 20, 5;
S_0x7f8ded490420 .scope module, "ALU" "ALU" 4 349, 5 1 0, S_0x7f8ded490260;
 .timescale 0 0;
    .port_info 0 /INPUT 32 "data1_i";
    .port_info 1 /INPUT 32 "data2_i";
    .port_info 2 /INPUT 4 "ALUCtrl_i";
    .port_info 3 /OUTPUT 32 "data_o";
L_0x7f8ded4b7220 .functor AND 32, L_0x7f8ded4b6b10, L_0x7f8ded4afc30, C4<11111111111111111111111111111111>, C4<11111111111111111111111111111111>;
L_0x7f8ded4b74b0 .functor XOR 32, L_0x7f8ded4b6b10, L_0x7f8ded4afc30, C4<00000000000000000000000000000000>, C4<00000000000000000000000000000000>;
v0x7f8ded490670_0 .net "ALUCtrl_i", 3 0, L_0x7f8ded4bc810;  alias, 1 drivers
L_0x7f8dee874328 .functor BUFT 1, C4<0000>, C4<0>, C4<0>, C4<0>;
v0x7f8ded490730_0 .net/2u *"_ivl_0", 3 0, L_0x7f8dee874328;  1 drivers
v0x7f8ded4907d0_0 .net *"_ivl_10", 31 0, L_0x7f8ded4b74b0;  1 drivers
L_0x7f8dee8743b8 .functor BUFT 1, C4<0010>, C4<0>, C4<0>, C4<0>;
v0x7f8ded490870_0 .net/2u *"_ivl_12", 3 0, L_0x7f8dee8743b8;  1 drivers
v0x7f8ded490920_0 .net *"_ivl_14", 0 0, L_0x7f8ded4b7520;  1 drivers
v0x7f8ded490a00_0 .net *"_ivl_16", 31 0, L_0x7f8ded4b75c0;  1 drivers
L_0x7f8dee874400 .functor BUFT 1, C4<0011>, C4<0>, C4<0>, C4<0>;
v0x7f8ded490ab0_0 .net/2u *"_ivl_18", 3 0, L_0x7f8dee874400;  1 drivers
v0x7f8ded490b60_0 .net *"_ivl_2", 0 0, L_0x7f8ded4b7180;  1 drivers
v0x7f8ded490c00_0 .net *"_ivl_20", 0 0, L_0x7f8ded4b76a0;  1 drivers
v0x7f8ded490d10_0 .net *"_ivl_22", 31 0, L_0x7f8ded4b77d0;  1 drivers
L_0x7f8dee874448 .functor BUFT 1, C4<0100>, C4<0>, C4<0>, C4<0>;
v0x7f8ded490db0_0 .net/2u *"_ivl_24", 3 0, L_0x7f8dee874448;  1 drivers
v0x7f8ded490e60_0 .net *"_ivl_26", 0 0, L_0x7f8ded4b78d0;  1 drivers
v0x7f8ded490f00_0 .net *"_ivl_28", 31 0, L_0x7f8ded4b79b0;  1 drivers
L_0x7f8dee874490 .functor BUFT 1, C4<0101>, C4<0>, C4<0>, C4<0>;
v0x7f8ded490fb0_0 .net/2u *"_ivl_30", 3 0, L_0x7f8dee874490;  1 drivers
v0x7f8ded491060_0 .net *"_ivl_32", 0 0, L_0x7f8ded4b7290;  1 drivers
v0x7f8ded491100_0 .net *"_ivl_35", 31 0, L_0x7f8ded4b7db0;  1 drivers
L_0x7f8dee8744d8 .functor BUFT 1, C4<0110>, C4<0>, C4<0>, C4<0>;
v0x7f8ded4911b0_0 .net/2u *"_ivl_36", 3 0, L_0x7f8dee8744d8;  1 drivers
v0x7f8ded491340_0 .net *"_ivl_38", 0 0, L_0x7f8ded4b7e50;  1 drivers
v0x7f8ded4913d0_0 .net *"_ivl_4", 31 0, L_0x7f8ded4b7220;  1 drivers
v0x7f8ded491470_0 .net *"_ivl_40", 31 0, L_0x7f8ded4b7ef0;  1 drivers
L_0x7f8dee874520 .functor BUFT 1, C4<0111>, C4<0>, C4<0>, C4<0>;
v0x7f8ded491520_0 .net/2u *"_ivl_42", 3 0, L_0x7f8dee874520;  1 drivers
v0x7f8ded4915d0_0 .net *"_ivl_44", 0 0, L_0x7f8ded4b7ff0;  1 drivers
v0x7f8ded491670_0 .net *"_ivl_47", 4 0, L_0x7f8ded4b8100;  1 drivers
v0x7f8ded491720_0 .net *"_ivl_48", 31 0, L_0x7f8ded4b81a0;  1 drivers
L_0x7f8dee874568 .functor BUFT 1, C4<1000>, C4<0>, C4<0>, C4<0>;
v0x7f8ded4917d0_0 .net/2u *"_ivl_50", 3 0, L_0x7f8dee874568;  1 drivers
v0x7f8ded491880_0 .net *"_ivl_52", 0 0, L_0x7f8ded4b82c0;  1 drivers
v0x7f8ded491920_0 .net *"_ivl_54", 31 0, L_0x7f8ded4b8360;  1 drivers
L_0x7f8dee8745b0 .functor BUFT 1, C4<1001>, C4<0>, C4<0>, C4<0>;
v0x7f8ded4919d0_0 .net/2u *"_ivl_56", 3 0, L_0x7f8dee8745b0;  1 drivers
v0x7f8ded491a80_0 .net *"_ivl_58", 0 0, L_0x7f8ded4b8490;  1 drivers
L_0x7f8dee874370 .functor BUFT 1, C4<0001>, C4<0>, C4<0>, C4<0>;
v0x7f8ded491b20_0 .net/2u *"_ivl_6", 3 0, L_0x7f8dee874370;  1 drivers
v0x7f8ded491bd0_0 .net *"_ivl_60", 31 0, L_0x7f8ded4b8530;  1 drivers
L_0x7f8dee8745f8 .functor BUFT 1, C4<1010>, C4<0>, C4<0>, C4<0>;
v0x7f8ded491c80_0 .net/2u *"_ivl_62", 3 0, L_0x7f8dee8745f8;  1 drivers
v0x7f8ded491d30_0 .net *"_ivl_64", 0 0, L_0x7f8ded4b86d0;  1 drivers
v0x7f8ded491250_0 .net *"_ivl_66", 31 0, L_0x7f8ded4b8770;  1 drivers
L_0x7f8dee874640 .functor BUFT 1, C4<00000000000000000000000000000000>, C4<0>, C4<0>, C4<0>;
v0x7f8ded491fc0_0 .net/2u *"_ivl_68", 31 0, L_0x7f8dee874640;  1 drivers
v0x7f8ded492050_0 .net *"_ivl_70", 31 0, L_0x7f8ded4b8630;  1 drivers
v0x7f8ded4920e0_0 .net *"_ivl_72", 31 0, L_0x7f8ded4b8900;  1 drivers
v0x7f8ded492190_0 .net *"_ivl_74", 31 0, L_0x7f8ded4b8a60;  1 drivers
v0x7f8ded492240_0 .net *"_ivl_76", 31 0, L_0x7f8ded4b8b80;  1 drivers
v0x7f8ded4922f0_0 .net *"_ivl_78", 31 0, L_0x7f8ded4b8cf0;  1 drivers
v0x7f8ded4923a0_0 .net *"_ivl_8", 0 0, L_0x7f8ded4b7390;  1 drivers
v0x7f8ded492440_0 .net *"_ivl_80", 31 0, L_0x7f8ded4b8e10;  1 drivers
v0x7f8ded4924f0_0 .net *"_ivl_82", 31 0, L_0x7f8ded4b8f90;  1 drivers
v0x7f8ded4925a0_0 .net *"_ivl_84", 31 0, L_0x7f8ded4b90f0;  1 drivers
v0x7f8ded492650_0 .net *"_ivl_86", 31 0, L_0x7f8ded4b9280;  1 drivers
v0x7f8ded492700_0 .net *"_ivl_88", 31 0, L_0x7f8ded4b93e0;  1 drivers
v0x7f8ded4927b0_0 .net/s "data1_i", 31 0, L_0x7f8ded4b6b10;  alias, 1 drivers
v0x7f8ded492860_0 .net/s "data2_i", 31 0, L_0x7f8ded4afc30;  alias, 1 drivers
v0x7f8ded492910_0 .net/s "data_o", 31 0, L_0x7f8ded4b9580;  alias, 1 drivers
L_0x7f8ded4b7180 .cmp/eq 4, L_0x7f8ded4bc810, L_0x7f8dee874328;
L_0x7f8ded4b7390 .cmp/eq 4, L_0x7f8ded4bc810, L_0x7f8dee874370;
L_0x7f8ded4b7520 .cmp/eq 4, L_0x7f8ded4bc810, L_0x7f8dee8743b8;
L_0x7f8ded4b75c0 .shift/l 32, L_0x7f8ded4b6b10, L_0x7f8ded4afc30;
L_0x7f8ded4b76a0 .cmp/eq 4, L_0x7f8ded4bc810, L_0x7f8dee874400;
L_0x7f8ded4b77d0 .arith/sum 32, L_0x7f8ded4b6b10, L_0x7f8ded4afc30;
L_0x7f8ded4b78d0 .cmp/eq 4, L_0x7f8ded4bc810, L_0x7f8dee874448;
L_0x7f8ded4b79b0 .arith/sub 32, L_0x7f8ded4b6b10, L_0x7f8ded4afc30;
L_0x7f8ded4b7290 .cmp/eq 4, L_0x7f8ded4bc810, L_0x7f8dee874490;
L_0x7f8ded4b7db0 .arith/mult 32, L_0x7f8ded4b6b10, L_0x7f8ded4afc30;
L_0x7f8ded4b7e50 .cmp/eq 4, L_0x7f8ded4bc810, L_0x7f8dee8744d8;
L_0x7f8ded4b7ef0 .arith/sum 32, L_0x7f8ded4b6b10, L_0x7f8ded4afc30;
L_0x7f8ded4b7ff0 .cmp/eq 4, L_0x7f8ded4bc810, L_0x7f8dee874520;
L_0x7f8ded4b8100 .part L_0x7f8ded4afc30, 0, 5;
L_0x7f8ded4b81a0 .shift/r 32, L_0x7f8ded4b6b10, L_0x7f8ded4b8100;
L_0x7f8ded4b82c0 .cmp/eq 4, L_0x7f8ded4bc810, L_0x7f8dee874568;
L_0x7f8ded4b8360 .arith/sum 32, L_0x7f8ded4b6b10, L_0x7f8ded4afc30;
L_0x7f8ded4b8490 .cmp/eq 4, L_0x7f8ded4bc810, L_0x7f8dee8745b0;
L_0x7f8ded4b8530 .arith/sum 32, L_0x7f8ded4b6b10, L_0x7f8ded4afc30;
L_0x7f8ded4b86d0 .cmp/eq 4, L_0x7f8ded4bc810, L_0x7f8dee8745f8;
L_0x7f8ded4b8770 .shift/l 32, L_0x7f8ded4b6b10, L_0x7f8ded4afc30;
L_0x7f8ded4b8630 .functor MUXZ 32, L_0x7f8dee874640, L_0x7f8ded4b8770, L_0x7f8ded4b86d0, C4<>;
L_0x7f8ded4b8900 .functor MUXZ 32, L_0x7f8ded4b8630, L_0x7f8ded4b8530, L_0x7f8ded4b8490, C4<>;
L_0x7f8ded4b8a60 .functor MUXZ 32, L_0x7f8ded4b8900, L_0x7f8ded4b8360, L_0x7f8ded4b82c0, C4<>;
L_0x7f8ded4b8b80 .functor MUXZ 32, L_0x7f8ded4b8a60, L_0x7f8ded4b81a0, L_0x7f8ded4b7ff0, C4<>;
L_0x7f8ded4b8cf0 .functor MUXZ 32, L_0x7f8ded4b8b80, L_0x7f8ded4b7ef0, L_0x7f8ded4b7e50, C4<>;
L_0x7f8ded4b8e10 .functor MUXZ 32, L_0x7f8ded4b8cf0, L_0x7f8ded4b7db0, L_0x7f8ded4b7290, C4<>;
L_0x7f8ded4b8f90 .functor MUXZ 32, L_0x7f8ded4b8e10, L_0x7f8ded4b79b0, L_0x7f8ded4b78d0, C4<>;
L_0x7f8ded4b90f0 .functor MUXZ 32, L_0x7f8ded4b8f90, L_0x7f8ded4b77d0, L_0x7f8ded4b76a0, C4<>;
L_0x7f8ded4b9280 .functor MUXZ 32, L_0x7f8ded4b90f0, L_0x7f8ded4b75c0, L_0x7f8ded4b7520, C4<>;
L_0x7f8ded4b93e0 .functor MUXZ 32, L_0x7f8ded4b9280, L_0x7f8ded4b74b0, L_0x7f8ded4b7390, C4<>;
L_0x7f8ded4b9580 .functor MUXZ 32, L_0x7f8ded4b93e0, L_0x7f8ded4b7220, L_0x7f8ded4b7180, C4<>;
S_0x7f8ded492a20 .scope module, "ALU_Control" "ALU_Control" 4 357, 6 1 0, S_0x7f8ded490260;
 .timescale 0 0;
    .port_info 0 /INPUT 10 "funct_i";
    .port_info 1 /INPUT 3 "ALUOp_i";
    .port_info 2 /OUTPUT 4 "ALUCtrl_o";
L_0x7f8ded4b9820 .functor AND 1, L_0x7f8ded4b96a0, L_0x7f8ded4b9740, C4<1>, C4<1>;
L_0x7f8ded4b9b50 .functor AND 1, L_0x7f8ded4b9910, L_0x7f8ded4b9a30, C4<1>, C4<1>;
L_0x7f8ded4b9e00 .functor AND 1, L_0x7f8ded4b9c40, L_0x7f8ded4b9d20, C4<1>, C4<1>;
L_0x7f8ded4ba0f0 .functor AND 1, L_0x7f8ded4b9ef0, L_0x7f8ded4ba010, C4<1>, C4<1>;
L_0x7f8ded4ba3b0 .functor AND 1, L_0x7f8ded4ba1e0, L_0x7f8ded4ba310, C4<1>, C4<1>;
L_0x7f8ded4b9ad0 .functor AND 1, L_0x7f8ded4ba4a0, L_0x7f8ded4ba680, C4<1>, C4<1>;
L_0x7f8ded4ba9c0 .functor AND 1, L_0x7f8ded4ba8c0, L_0x7f8ded4baad0, C4<1>, C4<1>;
L_0x7f8ded4baf80 .functor AND 1, L_0x7f8ded4bad30, L_0x7f8ded4bae10, C4<1>, C4<1>;
L_0x7f8ded4bb2b0 .functor AND 1, L_0x7f8ded4bb010, L_0x7f8ded4bb110, C4<1>, C4<1>;
L_0x7f8ded4bb5e0 .functor AND 1, L_0x7f8ded4bb390, L_0x7f8ded4bb430, C4<1>, C4<1>;
L_0x7f8ded4bb8f0 .functor AND 1, L_0x7f8ded4bb670, L_0x7f8ded4bb750, C4<1>, C4<1>;
v0x7f8ded492be0_0 .net "ALUCtrl_o", 3 0, L_0x7f8ded4bc810;  alias, 1 drivers
v0x7f8ded492c90_0 .net "ALUOp_i", 2 0, v0x7f8ded4a2050_0;  alias, 1 drivers
L_0x7f8dee874688 .functor BUFT 1, C4<011>, C4<0>, C4<0>, C4<0>;
v0x7f8ded492d20_0 .net/2u *"_ivl_0", 2 0, L_0x7f8dee874688;  1 drivers
L_0x7f8dee874718 .functor BUFT 1, C4<0000>, C4<0>, C4<0>, C4<0>;
v0x7f8ded492de0_0 .net/2u *"_ivl_10", 3 0, L_0x7f8dee874718;  1 drivers
v0x7f8ded492e90_0 .net *"_ivl_100", 0 0, L_0x7f8ded4bb010;  1 drivers
L_0x7f8dee874d90 .functor BUFT 1, C4<0000001000>, C4<0>, C4<0>, C4<0>;
v0x7f8ded492f70_0 .net/2u *"_ivl_102", 9 0, L_0x7f8dee874d90;  1 drivers
v0x7f8ded493020_0 .net *"_ivl_104", 0 0, L_0x7f8ded4bb110;  1 drivers
v0x7f8ded4930c0_0 .net *"_ivl_107", 0 0, L_0x7f8ded4bb2b0;  1 drivers
L_0x7f8dee874dd8 .functor BUFT 1, C4<1000>, C4<0>, C4<0>, C4<0>;
v0x7f8ded493160_0 .net/2u *"_ivl_108", 3 0, L_0x7f8dee874dd8;  1 drivers
L_0x7f8dee874e20 .functor BUFT 1, C4<010>, C4<0>, C4<0>, C4<0>;
v0x7f8ded493270_0 .net/2u *"_ivl_110", 2 0, L_0x7f8dee874e20;  1 drivers
v0x7f8ded493320_0 .net *"_ivl_112", 0 0, L_0x7f8ded4bb390;  1 drivers
L_0x7f8dee874e68 .functor BUFT 1, C4<0000001000>, C4<0>, C4<0>, C4<0>;
v0x7f8ded4933c0_0 .net/2u *"_ivl_114", 9 0, L_0x7f8dee874e68;  1 drivers
v0x7f8ded493470_0 .net *"_ivl_116", 0 0, L_0x7f8ded4bb430;  1 drivers
v0x7f8ded493510_0 .net *"_ivl_119", 0 0, L_0x7f8ded4bb5e0;  1 drivers
L_0x7f8dee874760 .functor BUFT 1, C4<011>, C4<0>, C4<0>, C4<0>;
v0x7f8ded4935b0_0 .net/2u *"_ivl_12", 2 0, L_0x7f8dee874760;  1 drivers
L_0x7f8dee874eb0 .functor BUFT 1, C4<1001>, C4<0>, C4<0>, C4<0>;
v0x7f8ded493660_0 .net/2u *"_ivl_120", 3 0, L_0x7f8dee874eb0;  1 drivers
L_0x7f8dee874ef8 .functor BUFT 1, C4<110>, C4<0>, C4<0>, C4<0>;
v0x7f8ded493710_0 .net/2u *"_ivl_122", 2 0, L_0x7f8dee874ef8;  1 drivers
v0x7f8ded4938a0_0 .net *"_ivl_124", 0 0, L_0x7f8ded4bb670;  1 drivers
L_0x7f8dee874f40 .functor BUFT 1, C4<0000001000>, C4<0>, C4<0>, C4<0>;
v0x7f8ded493930_0 .net/2u *"_ivl_126", 9 0, L_0x7f8dee874f40;  1 drivers
v0x7f8ded4939d0_0 .net *"_ivl_128", 0 0, L_0x7f8ded4bb750;  1 drivers
v0x7f8ded493a70_0 .net *"_ivl_131", 0 0, L_0x7f8ded4bb8f0;  1 drivers
L_0x7f8dee874f88 .functor BUFT 1, C4<1010>, C4<0>, C4<0>, C4<0>;
v0x7f8ded493b10_0 .net/2u *"_ivl_132", 3 0, L_0x7f8dee874f88;  1 drivers
L_0x7f8dee874fd0 .functor BUFT 1, C4<0000>, C4<0>, C4<0>, C4<0>;
v0x7f8ded493bc0_0 .net/2u *"_ivl_134", 3 0, L_0x7f8dee874fd0;  1 drivers
v0x7f8ded493c70_0 .net *"_ivl_136", 3 0, L_0x7f8ded4bb9e0;  1 drivers
v0x7f8ded493d20_0 .net *"_ivl_138", 3 0, L_0x7f8ded4bbb00;  1 drivers
v0x7f8ded493dd0_0 .net *"_ivl_14", 0 0, L_0x7f8ded4b9910;  1 drivers
v0x7f8ded493e70_0 .net *"_ivl_140", 3 0, L_0x7f8ded4bbc70;  1 drivers
v0x7f8ded493f20_0 .net *"_ivl_142", 3 0, L_0x7f8ded4bbdd0;  1 drivers
v0x7f8ded493fd0_0 .net *"_ivl_144", 3 0, L_0x7f8ded4bbf50;  1 drivers
v0x7f8ded494080_0 .net *"_ivl_146", 3 0, L_0x7f8ded4bc0b0;  1 drivers
v0x7f8ded494130_0 .net *"_ivl_148", 3 0, L_0x7f8ded4bc240;  1 drivers
v0x7f8ded4941e0_0 .net *"_ivl_150", 3 0, L_0x7f8ded4bc360;  1 drivers
v0x7f8ded494290_0 .net *"_ivl_152", 3 0, L_0x7f8ded4bc500;  1 drivers
v0x7f8ded4937c0_0 .net *"_ivl_154", 3 0, L_0x7f8ded4bc660;  1 drivers
L_0x7f8dee8747a8 .functor BUFT 1, C4<0000000100>, C4<0>, C4<0>, C4<0>;
v0x7f8ded494520_0 .net/2u *"_ivl_16", 9 0, L_0x7f8dee8747a8;  1 drivers
v0x7f8ded4945b0_0 .net *"_ivl_18", 0 0, L_0x7f8ded4b9a30;  1 drivers
v0x7f8ded494640_0 .net *"_ivl_2", 0 0, L_0x7f8ded4b96a0;  1 drivers
v0x7f8ded4946e0_0 .net *"_ivl_21", 0 0, L_0x7f8ded4b9b50;  1 drivers
L_0x7f8dee8747f0 .functor BUFT 1, C4<0001>, C4<0>, C4<0>, C4<0>;
v0x7f8ded494780_0 .net/2u *"_ivl_22", 3 0, L_0x7f8dee8747f0;  1 drivers
L_0x7f8dee874838 .functor BUFT 1, C4<011>, C4<0>, C4<0>, C4<0>;
v0x7f8ded494830_0 .net/2u *"_ivl_24", 2 0, L_0x7f8dee874838;  1 drivers
v0x7f8ded4948e0_0 .net *"_ivl_26", 0 0, L_0x7f8ded4b9c40;  1 drivers
L_0x7f8dee874880 .functor BUFT 1, C4<0000000001>, C4<0>, C4<0>, C4<0>;
v0x7f8ded494980_0 .net/2u *"_ivl_28", 9 0, L_0x7f8dee874880;  1 drivers
v0x7f8ded494a30_0 .net *"_ivl_30", 0 0, L_0x7f8ded4b9d20;  1 drivers
v0x7f8ded494ad0_0 .net *"_ivl_33", 0 0, L_0x7f8ded4b9e00;  1 drivers
L_0x7f8dee8748c8 .functor BUFT 1, C4<0010>, C4<0>, C4<0>, C4<0>;
v0x7f8ded494b70_0 .net/2u *"_ivl_34", 3 0, L_0x7f8dee8748c8;  1 drivers
L_0x7f8dee874910 .functor BUFT 1, C4<011>, C4<0>, C4<0>, C4<0>;
v0x7f8ded494c20_0 .net/2u *"_ivl_36", 2 0, L_0x7f8dee874910;  1 drivers
v0x7f8ded494cd0_0 .net *"_ivl_38", 0 0, L_0x7f8ded4b9ef0;  1 drivers
L_0x7f8dee8746d0 .functor BUFT 1, C4<0000000111>, C4<0>, C4<0>, C4<0>;
v0x7f8ded494d70_0 .net/2u *"_ivl_4", 9 0, L_0x7f8dee8746d0;  1 drivers
L_0x7f8dee874958 .functor BUFT 1, C4<0000000000>, C4<0>, C4<0>, C4<0>;
v0x7f8ded494e20_0 .net/2u *"_ivl_40", 9 0, L_0x7f8dee874958;  1 drivers
v0x7f8ded494ed0_0 .net *"_ivl_42", 0 0, L_0x7f8ded4ba010;  1 drivers
v0x7f8ded494f70_0 .net *"_ivl_45", 0 0, L_0x7f8ded4ba0f0;  1 drivers
L_0x7f8dee8749a0 .functor BUFT 1, C4<0011>, C4<0>, C4<0>, C4<0>;
v0x7f8ded495010_0 .net/2u *"_ivl_46", 3 0, L_0x7f8dee8749a0;  1 drivers
L_0x7f8dee8749e8 .functor BUFT 1, C4<011>, C4<0>, C4<0>, C4<0>;
v0x7f8ded4950c0_0 .net/2u *"_ivl_48", 2 0, L_0x7f8dee8749e8;  1 drivers
v0x7f8ded495170_0 .net *"_ivl_50", 0 0, L_0x7f8ded4ba1e0;  1 drivers
L_0x7f8dee874a30 .functor BUFT 1, C4<0100000000>, C4<0>, C4<0>, C4<0>;
v0x7f8ded495210_0 .net/2u *"_ivl_52", 9 0, L_0x7f8dee874a30;  1 drivers
v0x7f8ded4952c0_0 .net *"_ivl_54", 0 0, L_0x7f8ded4ba310;  1 drivers
v0x7f8ded495360_0 .net *"_ivl_57", 0 0, L_0x7f8ded4ba3b0;  1 drivers
L_0x7f8dee874a78 .functor BUFT 1, C4<0100>, C4<0>, C4<0>, C4<0>;
v0x7f8ded495400_0 .net/2u *"_ivl_58", 3 0, L_0x7f8dee874a78;  1 drivers
v0x7f8ded4954b0_0 .net *"_ivl_6", 0 0, L_0x7f8ded4b9740;  1 drivers
L_0x7f8dee874ac0 .functor BUFT 1, C4<011>, C4<0>, C4<0>, C4<0>;
v0x7f8ded495550_0 .net/2u *"_ivl_60", 2 0, L_0x7f8dee874ac0;  1 drivers
v0x7f8ded495600_0 .net *"_ivl_62", 0 0, L_0x7f8ded4ba4a0;  1 drivers
L_0x7f8dee874b08 .functor BUFT 1, C4<0000001000>, C4<0>, C4<0>, C4<0>;
v0x7f8ded4956a0_0 .net/2u *"_ivl_64", 9 0, L_0x7f8dee874b08;  1 drivers
v0x7f8ded495750_0 .net *"_ivl_66", 0 0, L_0x7f8ded4ba680;  1 drivers
v0x7f8ded4957f0_0 .net *"_ivl_69", 0 0, L_0x7f8ded4b9ad0;  1 drivers
L_0x7f8dee874b50 .functor BUFT 1, C4<0101>, C4<0>, C4<0>, C4<0>;
v0x7f8ded495890_0 .net/2u *"_ivl_70", 3 0, L_0x7f8dee874b50;  1 drivers
L_0x7f8dee874b98 .functor BUFT 1, C4<001>, C4<0>, C4<0>, C4<0>;
v0x7f8ded494340_0 .net/2u *"_ivl_72", 2 0, L_0x7f8dee874b98;  1 drivers
v0x7f8ded4943f0_0 .net *"_ivl_74", 0 0, L_0x7f8ded4ba8c0;  1 drivers
v0x7f8ded494490_0 .net *"_ivl_77", 2 0, L_0x7f8ded4baa30;  1 drivers
L_0x7f8dee874be0 .functor BUFT 1, C4<000>, C4<0>, C4<0>, C4<0>;
v0x7f8ded495940_0 .net/2u *"_ivl_78", 2 0, L_0x7f8dee874be0;  1 drivers
v0x7f8ded4959f0_0 .net *"_ivl_80", 0 0, L_0x7f8ded4baad0;  1 drivers
v0x7f8ded495a90_0 .net *"_ivl_83", 0 0, L_0x7f8ded4ba9c0;  1 drivers
L_0x7f8dee874c28 .functor BUFT 1, C4<0110>, C4<0>, C4<0>, C4<0>;
v0x7f8ded495b30_0 .net/2u *"_ivl_84", 3 0, L_0x7f8dee874c28;  1 drivers
L_0x7f8dee874c70 .functor BUFT 1, C4<001>, C4<0>, C4<0>, C4<0>;
v0x7f8ded495be0_0 .net/2u *"_ivl_86", 2 0, L_0x7f8dee874c70;  1 drivers
v0x7f8ded495c90_0 .net *"_ivl_88", 0 0, L_0x7f8ded4bad30;  1 drivers
v0x7f8ded495d30_0 .net *"_ivl_9", 0 0, L_0x7f8ded4b9820;  1 drivers
L_0x7f8dee874cb8 .functor BUFT 1, C4<0100000101>, C4<0>, C4<0>, C4<0>;
v0x7f8ded495dd0_0 .net/2u *"_ivl_90", 9 0, L_0x7f8dee874cb8;  1 drivers
v0x7f8ded495e80_0 .net *"_ivl_92", 0 0, L_0x7f8ded4bae10;  1 drivers
v0x7f8ded495f20_0 .net *"_ivl_95", 0 0, L_0x7f8ded4baf80;  1 drivers
L_0x7f8dee874d00 .functor BUFT 1, C4<0111>, C4<0>, C4<0>, C4<0>;
v0x7f8ded495fc0_0 .net/2u *"_ivl_96", 3 0, L_0x7f8dee874d00;  1 drivers
L_0x7f8dee874d48 .functor BUFT 1, C4<000>, C4<0>, C4<0>, C4<0>;
v0x7f8ded496070_0 .net/2u *"_ivl_98", 2 0, L_0x7f8dee874d48;  1 drivers
v0x7f8ded496120_0 .net "funct_i", 9 0, v0x7f8ded4a3100_0;  alias, 1 drivers
L_0x7f8ded4b96a0 .cmp/eq 3, v0x7f8ded4a2050_0, L_0x7f8dee874688;
L_0x7f8ded4b9740 .cmp/eq 10, v0x7f8ded4a3100_0, L_0x7f8dee8746d0;
L_0x7f8ded4b9910 .cmp/eq 3, v0x7f8ded4a2050_0, L_0x7f8dee874760;
L_0x7f8ded4b9a30 .cmp/eq 10, v0x7f8ded4a3100_0, L_0x7f8dee8747a8;
L_0x7f8ded4b9c40 .cmp/eq 3, v0x7f8ded4a2050_0, L_0x7f8dee874838;
L_0x7f8ded4b9d20 .cmp/eq 10, v0x7f8ded4a3100_0, L_0x7f8dee874880;
L_0x7f8ded4b9ef0 .cmp/eq 3, v0x7f8ded4a2050_0, L_0x7f8dee874910;
L_0x7f8ded4ba010 .cmp/eq 10, v0x7f8ded4a3100_0, L_0x7f8dee874958;
L_0x7f8ded4ba1e0 .cmp/eq 3, v0x7f8ded4a2050_0, L_0x7f8dee8749e8;
L_0x7f8ded4ba310 .cmp/eq 10, v0x7f8ded4a3100_0, L_0x7f8dee874a30;
L_0x7f8ded4ba4a0 .cmp/eq 3, v0x7f8ded4a2050_0, L_0x7f8dee874ac0;
L_0x7f8ded4ba680 .cmp/eq 10, v0x7f8ded4a3100_0, L_0x7f8dee874b08;
L_0x7f8ded4ba8c0 .cmp/eq 3, v0x7f8ded4a2050_0, L_0x7f8dee874b98;
L_0x7f8ded4baa30 .part v0x7f8ded4a3100_0, 0, 3;
L_0x7f8ded4baad0 .cmp/eq 3, L_0x7f8ded4baa30, L_0x7f8dee874be0;
L_0x7f8ded4bad30 .cmp/eq 3, v0x7f8ded4a2050_0, L_0x7f8dee874c70;
L_0x7f8ded4bae10 .cmp/eq 10, v0x7f8ded4a3100_0, L_0x7f8dee874cb8;
L_0x7f8ded4bb010 .cmp/eq 3, v0x7f8ded4a2050_0, L_0x7f8dee874d48;
L_0x7f8ded4bb110 .cmp/eq 10, v0x7f8ded4a3100_0, L_0x7f8dee874d90;
L_0x7f8ded4bb390 .cmp/eq 3, v0x7f8ded4a2050_0, L_0x7f8dee874e20;
L_0x7f8ded4bb430 .cmp/eq 10, v0x7f8ded4a3100_0, L_0x7f8dee874e68;
L_0x7f8ded4bb670 .cmp/eq 3, v0x7f8ded4a2050_0, L_0x7f8dee874ef8;
L_0x7f8ded4bb750 .cmp/eq 10, v0x7f8ded4a3100_0, L_0x7f8dee874f40;
L_0x7f8ded4bb9e0 .functor MUXZ 4, L_0x7f8dee874fd0, L_0x7f8dee874f88, L_0x7f8ded4bb8f0, C4<>;
L_0x7f8ded4bbb00 .functor MUXZ 4, L_0x7f8ded4bb9e0, L_0x7f8dee874eb0, L_0x7f8ded4bb5e0, C4<>;
L_0x7f8ded4bbc70 .functor MUXZ 4, L_0x7f8ded4bbb00, L_0x7f8dee874dd8, L_0x7f8ded4bb2b0, C4<>;
L_0x7f8ded4bbdd0 .functor MUXZ 4, L_0x7f8ded4bbc70, L_0x7f8dee874d00, L_0x7f8ded4baf80, C4<>;
L_0x7f8ded4bbf50 .functor MUXZ 4, L_0x7f8ded4bbdd0, L_0x7f8dee874c28, L_0x7f8ded4ba9c0, C4<>;
L_0x7f8ded4bc0b0 .functor MUXZ 4, L_0x7f8ded4bbf50, L_0x7f8dee874b50, L_0x7f8ded4b9ad0, C4<>;
L_0x7f8ded4bc240 .functor MUXZ 4, L_0x7f8ded4bc0b0, L_0x7f8dee874a78, L_0x7f8ded4ba3b0, C4<>;
L_0x7f8ded4bc360 .functor MUXZ 4, L_0x7f8ded4bc240, L_0x7f8dee8749a0, L_0x7f8ded4ba0f0, C4<>;
L_0x7f8ded4bc500 .functor MUXZ 4, L_0x7f8ded4bc360, L_0x7f8dee8748c8, L_0x7f8ded4b9e00, C4<>;
L_0x7f8ded4bc660 .functor MUXZ 4, L_0x7f8ded4bc500, L_0x7f8dee8747f0, L_0x7f8ded4b9b50, C4<>;
L_0x7f8ded4bc810 .functor MUXZ 4, L_0x7f8ded4bc660, L_0x7f8dee874718, L_0x7f8ded4b9820, C4<>;
S_0x7f8ded496220 .scope module, "Add_PC" "Adder" 4 92, 7 1 0, S_0x7f8ded490260;
 .timescale 0 0;
    .port_info 0 /INPUT 32 "data1_in";
    .port_info 1 /INPUT 32 "data2_in";
    .port_info 2 /OUTPUT 32 "data_o";
v0x7f8ded4963e0_0 .net "data1_in", 31 0, v0x7f8ded4a0770_0;  alias, 1 drivers
L_0x7f8dee873128 .functor BUFT 1, C4<00000000000000000000000000000100>, C4<0>, C4<0>, C4<0>;
v0x7f8ded496480_0 .net "data2_in", 31 0, L_0x7f8dee873128;  1 drivers
v0x7f8ded496530_0 .net "data_o", 31 0, L_0x7f8ded4acd20;  alias, 1 drivers
L_0x7f8ded4acd20 .arith/sum 32, v0x7f8ded4a0770_0, L_0x7f8dee873128;
S_0x7f8ded496640 .scope module, "Add_imm" "Adder" 4 98, 7 1 0, S_0x7f8ded490260;
 .timescale 0 0;
    .port_info 0 /INPUT 32 "data1_in";
    .port_info 1 /INPUT 32 "data2_in";
    .port_info 2 /OUTPUT 32 "data_o";
v0x7f8ded496850_0 .net "data1_in", 31 0, L_0x7f8ded4b2470;  alias, 1 drivers
v0x7f8ded496910_0 .net "data2_in", 31 0, v0x7f8ded4a3cd0_0;  alias, 1 drivers
v0x7f8ded4969c0_0 .net "data_o", 31 0, L_0x7f8ded4ace60;  alias, 1 drivers
L_0x7f8ded4ace60 .arith/sum 32, L_0x7f8ded4b2470, v0x7f8ded4a3cd0_0;
S_0x7f8ded496ad0 .scope module, "Branch_Unit" "Branch_Unit" 4 104, 8 1 0, S_0x7f8ded490260;
 .timescale 0 0;
    .port_info 0 /INPUT 1 "BRANCH";
    .port_info 1 /INPUT 32 "RS1";
    .port_info 2 /INPUT 32 "RS2";
    .port_info 3 /OUTPUT 1 "FLUSH";
L_0x7f8dee873170 .functor BUFT 1, C4<1>, C4<0>, C4<0>, C4<0>;
L_0x7f8ded4ad180 .functor XNOR 1, L_0x7f8ded4aeb30, L_0x7f8dee873170, C4<0>, C4<0>;
L_0x7f8ded4ad1f0 .functor AND 1, L_0x7f8ded4acfe0, L_0x7f8ded4ad180, C4<1>, C4<1>;
v0x7f8ded496d30_0 .net "BRANCH", 0 0, L_0x7f8ded4aeb30;  alias, 1 drivers
v0x7f8ded496dc0_0 .net "FLUSH", 0 0, L_0x7f8ded4ad260;  alias, 1 drivers
v0x7f8ded496e60_0 .net "RS1", 31 0, L_0x7f8ded4af450;  alias, 1 drivers
v0x7f8ded496f20_0 .net "RS2", 31 0, L_0x7f8ded4af950;  alias, 1 drivers
v0x7f8ded496fd0_0 .net *"_ivl_0", 0 0, L_0x7f8ded4acfe0;  1 drivers
L_0x7f8dee873200 .functor BUFT 1, C4<0>, C4<0>, C4<0>, C4<0>;
v0x7f8ded4970b0_0 .net/2u *"_ivl_10", 0 0, L_0x7f8dee873200;  1 drivers
v0x7f8ded497160_0 .net/2u *"_ivl_2", 0 0, L_0x7f8dee873170;  1 drivers
v0x7f8ded497210_0 .net *"_ivl_4", 0 0, L_0x7f8ded4ad180;  1 drivers
v0x7f8ded4972b0_0 .net *"_ivl_7", 0 0, L_0x7f8ded4ad1f0;  1 drivers
L_0x7f8dee8731b8 .functor BUFT 1, C4<1>, C4<0>, C4<0>, C4<0>;
v0x7f8ded4973c0_0 .net/2u *"_ivl_8", 0 0, L_0x7f8dee8731b8;  1 drivers
L_0x7f8ded4acfe0 .cmp/eq 32, L_0x7f8ded4af450, L_0x7f8ded4af950;
L_0x7f8ded4ad260 .functor MUXZ 1, L_0x7f8dee873200, L_0x7f8dee8731b8, L_0x7f8ded4ad1f0, C4<>;
S_0x7f8ded4974c0 .scope module, "Control" "Control" 4 126, 9 1 0, S_0x7f8ded490260;
 .timescale 0 0;
    .port_info 0 /INPUT 7 "Op_i";
    .port_info 1 /INPUT 1 "No_Op_i";
    .port_info 2 /OUTPUT 1 "RegWrite_o";
    .port_info 3 /OUTPUT 1 "MemtoReg_o";
    .port_info 4 /OUTPUT 1 "MemRead_o";
    .port_info 5 /OUTPUT 1 "MemWrite_o";
    .port_info 6 /OUTPUT 3 "ALUOp_o";
    .port_info 7 /OUTPUT 1 "ALUSrc_o";
    .port_info 8 /OUTPUT 1 "Branch_o";
L_0x7f8ded4ad750 .functor NOT 1, L_0x7f8ded4b47f0, C4<0>, C4<0>, C4<0>;
L_0x7f8ded4ad940 .functor NOT 1, L_0x7f8ded4ad860, C4<0>, C4<0>, C4<0>;
L_0x7f8ded4ad9f0 .functor OR 1, L_0x7f8ded4ad7c0, L_0x7f8ded4ad940, C4<0>, C4<0>;
L_0x7f8ded4adae0 .functor AND 1, L_0x7f8ded4ad750, L_0x7f8ded4ad9f0, C4<1>, C4<1>;
L_0x7f8ded4adbd0 .functor NOT 1, L_0x7f8ded4b47f0, C4<0>, C4<0>, C4<0>;
L_0x7f8ded4ade70 .functor AND 1, L_0x7f8ded4adbd0, L_0x7f8ded4add90, C4<1>, C4<1>;
L_0x7f8ded4adf60 .functor NOT 1, L_0x7f8ded4b47f0, C4<0>, C4<0>, C4<0>;
L_0x7f8ded4ae210 .functor AND 1, L_0x7f8ded4adf60, L_0x7f8ded4ae130, C4<1>, C4<1>;
L_0x7f8ded4ae300 .functor NOT 1, L_0x7f8ded4b47f0, C4<0>, C4<0>, C4<0>;
L_0x7f8ded4ae580 .functor AND 1, L_0x7f8ded4ae300, L_0x7f8ded4ae460, C4<1>, C4<1>;
L_0x7f8ded4ae760 .functor NOT 3, L_0x7f8ded4ae670, C4<000>, C4<000>, C4<000>;
L_0x7f8ded4ae910 .functor AND 3, L_0x7f8ded4ae760, L_0x7f8ded4ae870, C4<111>, C4<111>;
L_0x7f8ded4ae9c0 .functor NOT 1, L_0x7f8ded4b47f0, C4<0>, C4<0>, C4<0>;
L_0x7f8ded4aeba0 .functor AND 1, L_0x7f8ded4ae9c0, L_0x7f8ded4adc40, C4<1>, C4<1>;
L_0x7f8ded4aec70 .functor NOT 1, L_0x7f8ded4b47f0, C4<0>, C4<0>, C4<0>;
L_0x7f8ded4aeb30 .functor AND 1, L_0x7f8ded4aec70, L_0x7f8ded4aed60, C4<1>, C4<1>;
v0x7f8ded4977b0_0 .net "ALUOp_o", 2 0, L_0x7f8ded4ae910;  alias, 1 drivers
v0x7f8ded497840_0 .net "ALUSrc_o", 0 0, L_0x7f8ded4aeba0;  alias, 1 drivers
v0x7f8ded4978d0_0 .net "Branch_o", 0 0, L_0x7f8ded4aeb30;  alias, 1 drivers
v0x7f8ded497980_0 .net "MemRead_o", 0 0, L_0x7f8ded4ae210;  alias, 1 drivers
v0x7f8ded497a10_0 .net "MemWrite_o", 0 0, L_0x7f8ded4ae580;  alias, 1 drivers
v0x7f8ded497ae0_0 .net "MemtoReg_o", 0 0, L_0x7f8ded4ade70;  alias, 1 drivers
v0x7f8ded497b80_0 .net "No_Op_i", 0 0, L_0x7f8ded4b47f0;  alias, 1 drivers
v0x7f8ded497c20_0 .net "Op_i", 6 0, L_0x7f8ded4aef60;  1 drivers
v0x7f8ded497cd0_0 .net "RegWrite_o", 0 0, L_0x7f8ded4adae0;  alias, 1 drivers
v0x7f8ded497de0_0 .net *"_ivl_0", 0 0, L_0x7f8ded4ad750;  1 drivers
v0x7f8ded497e80_0 .net *"_ivl_12", 0 0, L_0x7f8ded4adbd0;  1 drivers
v0x7f8ded497f30_0 .net *"_ivl_15", 2 0, L_0x7f8ded4adcf0;  1 drivers
L_0x7f8dee873290 .functor BUFT 1, C4<000>, C4<0>, C4<0>, C4<0>;
v0x7f8ded497fe0_0 .net/2u *"_ivl_16", 2 0, L_0x7f8dee873290;  1 drivers
v0x7f8ded498090_0 .net *"_ivl_18", 0 0, L_0x7f8ded4add90;  1 drivers
v0x7f8ded498130_0 .net *"_ivl_22", 0 0, L_0x7f8ded4adf60;  1 drivers
v0x7f8ded4981e0_0 .net *"_ivl_25", 2 0, L_0x7f8ded4ae010;  1 drivers
L_0x7f8dee8732d8 .functor BUFT 1, C4<000>, C4<0>, C4<0>, C4<0>;
v0x7f8ded498290_0 .net/2u *"_ivl_26", 2 0, L_0x7f8dee8732d8;  1 drivers
v0x7f8ded498420_0 .net *"_ivl_28", 0 0, L_0x7f8ded4ae130;  1 drivers
v0x7f8ded4984b0_0 .net *"_ivl_3", 0 0, L_0x7f8ded4ad7c0;  1 drivers
v0x7f8ded498550_0 .net *"_ivl_32", 0 0, L_0x7f8ded4ae300;  1 drivers
v0x7f8ded498600_0 .net *"_ivl_35", 2 0, L_0x7f8ded4ae3c0;  1 drivers
L_0x7f8dee873320 .functor BUFT 1, C4<010>, C4<0>, C4<0>, C4<0>;
v0x7f8ded4986b0_0 .net/2u *"_ivl_36", 2 0, L_0x7f8dee873320;  1 drivers
v0x7f8ded498760_0 .net *"_ivl_38", 0 0, L_0x7f8ded4ae460;  1 drivers
v0x7f8ded498800_0 .net *"_ivl_42", 2 0, L_0x7f8ded4ae670;  1 drivers
L_0x7f8dee873368 .functor BUFT 1, C4<00>, C4<0>, C4<0>, C4<0>;
v0x7f8ded4988b0_0 .net *"_ivl_45", 1 0, L_0x7f8dee873368;  1 drivers
v0x7f8ded498960_0 .net *"_ivl_46", 2 0, L_0x7f8ded4ae760;  1 drivers
v0x7f8ded498a10_0 .net *"_ivl_49", 2 0, L_0x7f8ded4ae870;  1 drivers
v0x7f8ded498ac0_0 .net *"_ivl_5", 0 0, L_0x7f8ded4ad860;  1 drivers
v0x7f8ded498b70_0 .net *"_ivl_52", 0 0, L_0x7f8ded4ae9c0;  1 drivers
v0x7f8ded498c20_0 .net *"_ivl_55", 0 0, L_0x7f8ded4adc40;  1 drivers
v0x7f8ded498cd0_0 .net *"_ivl_58", 0 0, L_0x7f8ded4aec70;  1 drivers
v0x7f8ded498d80_0 .net *"_ivl_6", 0 0, L_0x7f8ded4ad940;  1 drivers
v0x7f8ded498e30_0 .net *"_ivl_61", 0 0, L_0x7f8ded4aed60;  1 drivers
v0x7f8ded498340_0 .net *"_ivl_8", 0 0, L_0x7f8ded4ad9f0;  1 drivers
L_0x7f8ded4ad7c0 .part L_0x7f8ded4aef60, 4, 1;
L_0x7f8ded4ad860 .part L_0x7f8ded4aef60, 5, 1;
L_0x7f8ded4adcf0 .part L_0x7f8ded4aef60, 4, 3;
L_0x7f8ded4add90 .cmp/eq 3, L_0x7f8ded4adcf0, L_0x7f8dee873290;
L_0x7f8ded4ae010 .part L_0x7f8ded4aef60, 4, 3;
L_0x7f8ded4ae130 .cmp/eq 3, L_0x7f8ded4ae010, L_0x7f8dee8732d8;
L_0x7f8ded4ae3c0 .part L_0x7f8ded4aef60, 4, 3;
L_0x7f8ded4ae460 .cmp/eq 3, L_0x7f8ded4ae3c0, L_0x7f8dee873320;
L_0x7f8ded4ae670 .concat [ 1 2 0 0], L_0x7f8ded4b47f0, L_0x7f8dee873368;
L_0x7f8ded4ae870 .part L_0x7f8ded4aef60, 4, 3;
L_0x7f8ded4adc40 .part L_0x7f8ded4aef60, 5, 1;
L_0x7f8ded4aed60 .part L_0x7f8ded4aef60, 6, 1;
S_0x7f8ded499170 .scope module, "Data_Memory" "Data_Memory" 4 181, 10 1 0, S_0x7f8ded490260;
 .timescale 0 0;
    .port_info 0 /INPUT 1 "clk_i";
    .port_info 1 /INPUT 32 "addr_i";
    .port_info 2 /INPUT 1 "MemRead_i";
    .port_info 3 /INPUT 1 "MemWrite_i";
    .port_info 4 /INPUT 32 "data_i";
    .port_info 5 /OUTPUT 32 "data_o";
v0x7f8ded499370_0 .net "MemRead_i", 0 0, v0x7f8ded4a0fc0_0;  alias, 1 drivers
v0x7f8ded499420_0 .net "MemWrite_i", 0 0, v0x7f8ded4a1140_0;  alias, 1 drivers
v0x7f8ded4994c0_0 .net *"_ivl_0", 31 0, L_0x7f8ded4b2e10;  1 drivers
v0x7f8ded499580_0 .net *"_ivl_2", 31 0, L_0x7f8ded4b2f50;  1 drivers
v0x7f8ded499630_0 .net *"_ivl_4", 29 0, L_0x7f8ded4b2eb0;  1 drivers
L_0x7f8dee8739e0 .functor BUFT 1, C4<00>, C4<0>, C4<0>, C4<0>;
v0x7f8ded499720_0 .net *"_ivl_6", 1 0, L_0x7f8dee8739e0;  1 drivers
L_0x7f8dee873a28 .functor BUFT 1, C4<00000000000000000000000000000000>, C4<0>, C4<0>, C4<0>;
v0x7f8ded4997d0_0 .net/2u *"_ivl_8", 31 0, L_0x7f8dee873a28;  1 drivers
v0x7f8ded499880_0 .net "addr_i", 31 0, v0x7f8ded4a0e80_0;  alias, 1 drivers
v0x7f8ded499930_0 .net "clk_i", 0 0, v0x7f8ded4abea0_0;  alias, 1 drivers
v0x7f8ded499a40_0 .net "data_i", 31 0, v0x7f8ded4a1770_0;  alias, 1 drivers
v0x7f8ded499ae0_0 .net "data_o", 31 0, L_0x7f8ded4b30b0;  alias, 1 drivers
v0x7f8ded499b90 .array "memory", 1023 0, 31 0;
E_0x7f8ded497d90 .event posedge, v0x7f8ded499930_0;
L_0x7f8ded4b2e10 .array/port v0x7f8ded499b90, L_0x7f8ded4b2f50;
L_0x7f8ded4b2eb0 .part v0x7f8ded4a0e80_0, 2, 30;
L_0x7f8ded4b2f50 .concat [ 30 2 0 0], L_0x7f8ded4b2eb0, L_0x7f8dee8739e0;
L_0x7f8ded4b30b0 .functor MUXZ 32, L_0x7f8dee873a28, L_0x7f8ded4b2e10, v0x7f8ded4a0fc0_0, C4<>;
S_0x7f8ded499cc0 .scope module, "Forward_MUX_A" "Forward_MUX" 4 332, 11 1 0, S_0x7f8ded490260;
 .timescale 0 0;
    .port_info 0 /INPUT 32 "RS_VALUE";
    .port_info 1 /INPUT 32 "MEM_WB_VALUE";
    .port_info 2 /INPUT 32 "EX_MEM_VALUE";
    .port_info 3 /INPUT 2 "forward_control";
    .port_info 4 /OUTPUT 32 "VALUE_OUT";
v0x7f8ded499f00_0 .net "EX_MEM_VALUE", 31 0, v0x7f8ded4a0e80_0;  alias, 1 drivers
v0x7f8ded499f90_0 .net "MEM_WB_VALUE", 31 0, L_0x7f8ded4afef0;  alias, 1 drivers
v0x7f8ded49a030_0 .net "RS_VALUE", 31 0, v0x7f8ded4a2930_0;  alias, 1 drivers
v0x7f8ded49a0f0_0 .net "VALUE_OUT", 31 0, L_0x7f8ded4b6b10;  alias, 1 drivers
L_0x7f8dee8740e8 .functor BUFT 1, C4<00>, C4<0>, C4<0>, C4<0>;
v0x7f8ded49a1b0_0 .net/2u *"_ivl_0", 1 0, L_0x7f8dee8740e8;  1 drivers
v0x7f8ded49a290_0 .net *"_ivl_10", 0 0, L_0x7f8ded4b6750;  1 drivers
L_0x7f8dee8741c0 .functor BUFT 1, C4<xxxxxxxxxxxxxxxxxxxxxxxxxxxxxxxx>, C4<0>, C4<0>, C4<0>;
v0x7f8ded49a330_0 .net *"_ivl_12", 31 0, L_0x7f8dee8741c0;  1 drivers
v0x7f8ded49a3e0_0 .net *"_ivl_14", 31 0, L_0x7f8ded4b6830;  1 drivers
v0x7f8ded49a490_0 .net *"_ivl_16", 31 0, L_0x7f8ded4b6a70;  1 drivers
v0x7f8ded49a5a0_0 .net *"_ivl_2", 0 0, L_0x7f8ded4b6590;  1 drivers
L_0x7f8dee874130 .functor BUFT 1, C4<10>, C4<0>, C4<0>, C4<0>;
v0x7f8ded49a640_0 .net/2u *"_ivl_4", 1 0, L_0x7f8dee874130;  1 drivers
v0x7f8ded49a6f0_0 .net *"_ivl_6", 0 0, L_0x7f8ded4b66b0;  1 drivers
L_0x7f8dee874178 .functor BUFT 1, C4<01>, C4<0>, C4<0>, C4<0>;
v0x7f8ded49a790_0 .net/2u *"_ivl_8", 1 0, L_0x7f8dee874178;  1 drivers
v0x7f8ded49a840_0 .net "forward_control", 1 0, L_0x7f8ded4b5730;  alias, 1 drivers
L_0x7f8ded4b6590 .cmp/eq 2, L_0x7f8ded4b5730, L_0x7f8dee8740e8;
L_0x7f8ded4b66b0 .cmp/eq 2, L_0x7f8ded4b5730, L_0x7f8dee874130;
L_0x7f8ded4b6750 .cmp/eq 2, L_0x7f8ded4b5730, L_0x7f8dee874178;
L_0x7f8ded4b6830 .functor MUXZ 32, L_0x7f8dee8741c0, L_0x7f8ded4afef0, L_0x7f8ded4b6750, C4<>;
L_0x7f8ded4b6a70 .functor MUXZ 32, L_0x7f8ded4b6830, v0x7f8ded4a0e80_0, L_0x7f8ded4b66b0, C4<>;
L_0x7f8ded4b6b10 .functor MUXZ 32, L_0x7f8ded4b6a70, v0x7f8ded4a2930_0, L_0x7f8ded4b6590, C4<>;
S_0x7f8ded49a970 .scope module, "Forward_MUX_B" "Forward_MUX" 4 340, 11 1 0, S_0x7f8ded490260;
 .timescale 0 0;
    .port_info 0 /INPUT 32 "RS_VALUE";
    .port_info 1 /INPUT 32 "MEM_WB_VALUE";
    .port_info 2 /INPUT 32 "EX_MEM_VALUE";
    .port_info 3 /INPUT 2 "forward_control";
    .port_info 4 /OUTPUT 32 "VALUE_OUT";
v0x7f8ded49ac30_0 .net "EX_MEM_VALUE", 31 0, v0x7f8ded4a0e80_0;  alias, 1 drivers
v0x7f8ded49acc0_0 .net "MEM_WB_VALUE", 31 0, L_0x7f8ded4afef0;  alias, 1 drivers
v0x7f8ded49ad50_0 .net "RS_VALUE", 31 0, v0x7f8ded4a2b90_0;  alias, 1 drivers
v0x7f8ded49ae00_0 .net "VALUE_OUT", 31 0, L_0x7f8ded4b70a0;  alias, 1 drivers
L_0x7f8dee874208 .functor BUFT 1, C4<00>, C4<0>, C4<0>, C4<0>;
v0x7f8ded49aea0_0 .net/2u *"_ivl_0", 1 0, L_0x7f8dee874208;  1 drivers
v0x7f8ded49af90_0 .net *"_ivl_10", 0 0, L_0x7f8ded4b6c30;  1 drivers
L_0x7f8dee8742e0 .functor BUFT 1, C4<xxxxxxxxxxxxxxxxxxxxxxxxxxxxxxxx>, C4<0>, C4<0>, C4<0>;
v0x7f8ded49b030_0 .net *"_ivl_12", 31 0, L_0x7f8dee8742e0;  1 drivers
v0x7f8ded49b0e0_0 .net *"_ivl_14", 31 0, L_0x7f8ded4b6d10;  1 drivers
v0x7f8ded49b190_0 .net *"_ivl_16", 31 0, L_0x7f8ded4b6e50;  1 drivers
v0x7f8ded49b2a0_0 .net *"_ivl_2", 0 0, L_0x7f8ded4b2a10;  1 drivers
L_0x7f8dee874250 .functor BUFT 1, C4<10>, C4<0>, C4<0>, C4<0>;
v0x7f8ded49b340_0 .net/2u *"_ivl_4", 1 0, L_0x7f8dee874250;  1 drivers
v0x7f8ded49b3f0_0 .net *"_ivl_6", 0 0, L_0x7f8ded4b2b30;  1 drivers
L_0x7f8dee874298 .functor BUFT 1, C4<01>, C4<0>, C4<0>, C4<0>;
v0x7f8ded49b490_0 .net/2u *"_ivl_8", 1 0, L_0x7f8dee874298;  1 drivers
v0x7f8ded49b540_0 .net "forward_control", 1 0, L_0x7f8ded4b6430;  alias, 1 drivers
L_0x7f8ded4b2a10 .cmp/eq 2, L_0x7f8ded4b6430, L_0x7f8dee874208;
L_0x7f8ded4b2b30 .cmp/eq 2, L_0x7f8ded4b6430, L_0x7f8dee874250;
L_0x7f8ded4b6c30 .cmp/eq 2, L_0x7f8ded4b6430, L_0x7f8dee874298;
L_0x7f8ded4b6d10 .functor MUXZ 32, L_0x7f8dee8742e0, L_0x7f8ded4afef0, L_0x7f8ded4b6c30, C4<>;
L_0x7f8ded4b6e50 .functor MUXZ 32, L_0x7f8ded4b6d10, v0x7f8ded4a0e80_0, L_0x7f8ded4b2b30, C4<>;
L_0x7f8ded4b70a0 .functor MUXZ 32, L_0x7f8ded4b6e50, v0x7f8ded4a2b90_0, L_0x7f8ded4b2a10, C4<>;
S_0x7f8ded49b670 .scope module, "Forward_Unit" "Forward_Unit" 4 319, 12 1 0, S_0x7f8ded490260;
 .timescale 0 0;
    .port_info 0 /INPUT 5 "RS1";
    .port_info 1 /INPUT 5 "RS2";
    .port_info 2 /INPUT 5 "EX_MEM_Rd";
    .port_info 3 /INPUT 5 "MEM_WB_Rd";
    .port_info 4 /INPUT 1 "EX_MEM_RW";
    .port_info 5 /INPUT 1 "MEM_WB_RW";
    .port_info 6 /OUTPUT 2 "forward1";
    .port_info 7 /OUTPUT 2 "forward2";
L_0x7f8ded4b4d80 .functor AND 1, v0x7f8ded4a1540_0, L_0x7f8ded4b4ce0, C4<1>, C4<1>;
L_0x7f8ded4b4f10 .functor AND 1, L_0x7f8ded4b4d80, L_0x7f8ded4b4e70, C4<1>, C4<1>;
L_0x7f8ded4b52b0 .functor AND 1, v0x7f8ded4a4710_0, L_0x7f8ded4b5140, C4<1>, C4<1>;
L_0x7f8ded4b5480 .functor AND 1, L_0x7f8ded4b52b0, L_0x7f8ded4b5360, C4<1>, C4<1>;
L_0x7f8ded4b5a60 .functor AND 1, v0x7f8ded4a1540_0, L_0x7f8ded4b5940, C4<1>, C4<1>;
L_0x7f8ded4b5c10 .functor AND 1, L_0x7f8ded4b5a60, L_0x7f8ded4b5b10, C4<1>, C4<1>;
L_0x7f8ded4b6050 .functor AND 1, v0x7f8ded4a4710_0, L_0x7f8ded4b5ec0, C4<1>, C4<1>;
L_0x7f8ded4b6220 .functor AND 1, L_0x7f8ded4b6050, L_0x7f8ded4b6100, C4<1>, C4<1>;
v0x7f8ded49b8f0_0 .net "EX_MEM_RW", 0 0, v0x7f8ded4a1540_0;  alias, 1 drivers
v0x7f8ded49b9a0_0 .net "EX_MEM_Rd", 4 0, v0x7f8ded4a1420_0;  alias, 1 drivers
v0x7f8ded49ba40_0 .net "MEM_WB_RW", 0 0, v0x7f8ded4a4710_0;  alias, 1 drivers
v0x7f8ded49bad0_0 .net "MEM_WB_Rd", 4 0, v0x7f8ded4a45b0_0;  alias, 1 drivers
v0x7f8ded49bb80_0 .net "RS1", 4 0, v0x7f8ded4a2cb0_0;  alias, 1 drivers
v0x7f8ded49bc70_0 .net "RS2", 4 0, v0x7f8ded4a2dd0_0;  alias, 1 drivers
v0x7f8ded49bd20_0 .net *"_ivl_0", 31 0, L_0x7f8ded4b4bc0;  1 drivers
v0x7f8ded49bdd0_0 .net *"_ivl_10", 0 0, L_0x7f8ded4b4e70;  1 drivers
v0x7f8ded49be70_0 .net *"_ivl_13", 0 0, L_0x7f8ded4b4f10;  1 drivers
L_0x7f8dee873d88 .functor BUFT 1, C4<10>, C4<0>, C4<0>, C4<0>;
v0x7f8ded49bf80_0 .net/2u *"_ivl_14", 1 0, L_0x7f8dee873d88;  1 drivers
v0x7f8ded49c020_0 .net *"_ivl_16", 31 0, L_0x7f8ded4b5020;  1 drivers
L_0x7f8dee873dd0 .functor BUFT 1, C4<000000000000000000000000000>, C4<0>, C4<0>, C4<0>;
v0x7f8ded49c0d0_0 .net *"_ivl_19", 26 0, L_0x7f8dee873dd0;  1 drivers
L_0x7f8dee873e18 .functor BUFT 1, C4<00000000000000000000000000000000>, C4<0>, C4<0>, C4<0>;
v0x7f8ded49c180_0 .net/2u *"_ivl_20", 31 0, L_0x7f8dee873e18;  1 drivers
v0x7f8ded49c230_0 .net *"_ivl_22", 0 0, L_0x7f8ded4b5140;  1 drivers
v0x7f8ded49c2d0_0 .net *"_ivl_25", 0 0, L_0x7f8ded4b52b0;  1 drivers
v0x7f8ded49c370_0 .net *"_ivl_26", 0 0, L_0x7f8ded4b5360;  1 drivers
v0x7f8ded49c410_0 .net *"_ivl_29", 0 0, L_0x7f8ded4b5480;  1 drivers
L_0x7f8dee873cf8 .functor BUFT 1, C4<000000000000000000000000000>, C4<0>, C4<0>, C4<0>;
v0x7f8ded49c5a0_0 .net *"_ivl_3", 26 0, L_0x7f8dee873cf8;  1 drivers
L_0x7f8dee873e60 .functor BUFT 1, C4<01>, C4<0>, C4<0>, C4<0>;
v0x7f8ded49c630_0 .net/2u *"_ivl_30", 1 0, L_0x7f8dee873e60;  1 drivers
L_0x7f8dee873ea8 .functor BUFT 1, C4<00>, C4<0>, C4<0>, C4<0>;
v0x7f8ded49c6d0_0 .net/2u *"_ivl_32", 1 0, L_0x7f8dee873ea8;  1 drivers
v0x7f8ded49c780_0 .net *"_ivl_34", 1 0, L_0x7f8ded4b5570;  1 drivers
v0x7f8ded49c830_0 .net *"_ivl_38", 31 0, L_0x7f8ded4b5850;  1 drivers
L_0x7f8dee873d40 .functor BUFT 1, C4<00000000000000000000000000000000>, C4<0>, C4<0>, C4<0>;
v0x7f8ded49c8e0_0 .net/2u *"_ivl_4", 31 0, L_0x7f8dee873d40;  1 drivers
L_0x7f8dee873ef0 .functor BUFT 1, C4<000000000000000000000000000>, C4<0>, C4<0>, C4<0>;
v0x7f8ded49c990_0 .net *"_ivl_41", 26 0, L_0x7f8dee873ef0;  1 drivers
L_0x7f8dee873f38 .functor BUFT 1, C4<00000000000000000000000000000000>, C4<0>, C4<0>, C4<0>;
v0x7f8ded49ca40_0 .net/2u *"_ivl_42", 31 0, L_0x7f8dee873f38;  1 drivers
v0x7f8ded49caf0_0 .net *"_ivl_44", 0 0, L_0x7f8ded4b5940;  1 drivers
v0x7f8ded49cb90_0 .net *"_ivl_47", 0 0, L_0x7f8ded4b5a60;  1 drivers
v0x7f8ded49cc30_0 .net *"_ivl_48", 0 0, L_0x7f8ded4b5b10;  1 drivers
v0x7f8ded49ccd0_0 .net *"_ivl_51", 0 0, L_0x7f8ded4b5c10;  1 drivers
L_0x7f8dee873f80 .functor BUFT 1, C4<10>, C4<0>, C4<0>, C4<0>;
v0x7f8ded49cd70_0 .net/2u *"_ivl_52", 1 0, L_0x7f8dee873f80;  1 drivers
v0x7f8ded49ce20_0 .net *"_ivl_54", 31 0, L_0x7f8ded4b5ce0;  1 drivers
L_0x7f8dee873fc8 .functor BUFT 1, C4<000000000000000000000000000>, C4<0>, C4<0>, C4<0>;
v0x7f8ded49ced0_0 .net *"_ivl_57", 26 0, L_0x7f8dee873fc8;  1 drivers
L_0x7f8dee874010 .functor BUFT 1, C4<00000000000000000000000000000000>, C4<0>, C4<0>, C4<0>;
v0x7f8ded49cf80_0 .net/2u *"_ivl_58", 31 0, L_0x7f8dee874010;  1 drivers
v0x7f8ded49c4c0_0 .net *"_ivl_6", 0 0, L_0x7f8ded4b4ce0;  1 drivers
v0x7f8ded49d210_0 .net *"_ivl_60", 0 0, L_0x7f8ded4b5ec0;  1 drivers
v0x7f8ded49d2a0_0 .net *"_ivl_63", 0 0, L_0x7f8ded4b6050;  1 drivers
v0x7f8ded49d330_0 .net *"_ivl_64", 0 0, L_0x7f8ded4b6100;  1 drivers
v0x7f8ded49d3c0_0 .net *"_ivl_67", 0 0, L_0x7f8ded4b6220;  1 drivers
L_0x7f8dee874058 .functor BUFT 1, C4<01>, C4<0>, C4<0>, C4<0>;
v0x7f8ded49d450_0 .net/2u *"_ivl_68", 1 0, L_0x7f8dee874058;  1 drivers
L_0x7f8dee8740a0 .functor BUFT 1, C4<00>, C4<0>, C4<0>, C4<0>;
v0x7f8ded49d500_0 .net/2u *"_ivl_70", 1 0, L_0x7f8dee8740a0;  1 drivers
v0x7f8ded49d5b0_0 .net *"_ivl_72", 1 0, L_0x7f8ded4b6290;  1 drivers
v0x7f8ded49d660_0 .net *"_ivl_9", 0 0, L_0x7f8ded4b4d80;  1 drivers
v0x7f8ded49d700_0 .net "forward1", 1 0, L_0x7f8ded4b5730;  alias, 1 drivers
v0x7f8ded49d7c0_0 .net "forward2", 1 0, L_0x7f8ded4b6430;  alias, 1 drivers
L_0x7f8ded4b4bc0 .concat [ 5 27 0 0], v0x7f8ded4a1420_0, L_0x7f8dee873cf8;
L_0x7f8ded4b4ce0 .cmp/ne 32, L_0x7f8ded4b4bc0, L_0x7f8dee873d40;
L_0x7f8ded4b4e70 .cmp/eq 5, v0x7f8ded4a1420_0, v0x7f8ded4a2cb0_0;
L_0x7f8ded4b5020 .concat [ 5 27 0 0], v0x7f8ded4a45b0_0, L_0x7f8dee873dd0;
L_0x7f8ded4b5140 .cmp/ne 32, L_0x7f8ded4b5020, L_0x7f8dee873e18;
L_0x7f8ded4b5360 .cmp/eq 5, v0x7f8ded4a45b0_0, v0x7f8ded4a2cb0_0;
L_0x7f8ded4b5570 .functor MUXZ 2, L_0x7f8dee873ea8, L_0x7f8dee873e60, L_0x7f8ded4b5480, C4<>;
L_0x7f8ded4b5730 .functor MUXZ 2, L_0x7f8ded4b5570, L_0x7f8dee873d88, L_0x7f8ded4b4f10, C4<>;
L_0x7f8ded4b5850 .concat [ 5 27 0 0], v0x7f8ded4a1420_0, L_0x7f8dee873ef0;
L_0x7f8ded4b5940 .cmp/ne 32, L_0x7f8ded4b5850, L_0x7f8dee873f38;
L_0x7f8ded4b5b10 .cmp/eq 5, v0x7f8ded4a1420_0, v0x7f8ded4a2dd0_0;
L_0x7f8ded4b5ce0 .concat [ 5 27 0 0], v0x7f8ded4a45b0_0, L_0x7f8dee873fc8;
L_0x7f8ded4b5ec0 .cmp/ne 32, L_0x7f8ded4b5ce0, L_0x7f8dee874010;
L_0x7f8ded4b6100 .cmp/eq 5, v0x7f8ded4a45b0_0, v0x7f8ded4a2dd0_0;
L_0x7f8ded4b6290 .functor MUXZ 2, L_0x7f8dee8740a0, L_0x7f8dee874058, L_0x7f8ded4b6220, C4<>;
L_0x7f8ded4b6430 .functor MUXZ 2, L_0x7f8ded4b6290, L_0x7f8dee873f80, L_0x7f8ded4b5c10, C4<>;
S_0x7f8ded49d8a0 .scope module, "HazardMUX" "MUX32" 4 158, 13 1 0, S_0x7f8ded490260;
 .timescale 0 0;
    .port_info 0 /INPUT 32 "data1_i";
    .port_info 1 /INPUT 32 "data2_i";
    .port_info 2 /INPUT 1 "select_i";
    .port_info 3 /OUTPUT 32 "data_o";
v0x7f8ded49dae0_0 .net "data1_i", 31 0, L_0x7f8ded4acd20;  alias, 1 drivers
v0x7f8ded49dbb0_0 .net "data2_i", 31 0, L_0x7f8ded4ace60;  alias, 1 drivers
v0x7f8ded49dc40_0 .net "data_o", 31 0, L_0x7f8ded4afd50;  alias, 1 drivers
v0x7f8ded49dcd0_0 .net "select_i", 0 0, L_0x7f8ded4ad260;  alias, 1 drivers
L_0x7f8ded4afd50 .functor MUXZ 32, L_0x7f8ded4acd20, L_0x7f8ded4ace60, L_0x7f8ded4ad260, C4<>;
S_0x7f8ded49ddd0 .scope module, "Hazard_Detection_Unit" "Hazard_Detection_Unit" 4 309, 14 1 0, S_0x7f8ded490260;
 .timescale 0 0;
    .port_info 0 /INPUT 5 "RS1";
    .port_info 1 /INPUT 5 "RS2";
    .port_info 2 /INPUT 5 "ID_EX_Rd";
    .port_info 3 /INPUT 1 "ID_EX_MR";
    .port_info 4 /OUTPUT 1 "STALL";
    .port_info 5 /OUTPUT 1 "PC_write";
    .port_info 6 /OUTPUT 1 "No_Op";
L_0x7f8dee873a70 .functor BUFT 1, C4<1>, C4<0>, C4<0>, C4<0>;
L_0x7f8ded4b36a0 .functor XNOR 1, v0x7f8ded4a23b0_0, L_0x7f8dee873a70, C4<0>, C4<0>;
L_0x7f8ded4b3950 .functor OR 1, L_0x7f8ded4b3790, L_0x7f8ded4b38b0, C4<0>, C4<0>;
L_0x7f8ded4b3a40 .functor AND 1, L_0x7f8ded4b36a0, L_0x7f8ded4b3950, C4<1>, C4<1>;
L_0x7f8dee873b48 .functor BUFT 1, C4<1>, C4<0>, C4<0>, C4<0>;
L_0x7f8ded4b3cb0 .functor XNOR 1, v0x7f8ded4a23b0_0, L_0x7f8dee873b48, C4<0>, C4<0>;
L_0x7f8ded4b3f50 .functor OR 1, L_0x7f8ded4b3d60, L_0x7f8ded4b3e40, C4<0>, C4<0>;
L_0x7f8ded4b4070 .functor AND 1, L_0x7f8ded4b3cb0, L_0x7f8ded4b3f50, C4<1>, C4<1>;
L_0x7f8dee873c20 .functor BUFT 1, C4<1>, C4<0>, C4<0>, C4<0>;
L_0x7f8ded4b42c0 .functor XNOR 1, v0x7f8ded4a23b0_0, L_0x7f8dee873c20, C4<0>, C4<0>;
L_0x7f8ded4b3830 .functor OR 1, L_0x7f8ded4b43b0, L_0x7f8ded4b4590, C4<0>, C4<0>;
L_0x7f8ded4b46b0 .functor AND 1, L_0x7f8ded4b42c0, L_0x7f8ded4b3830, C4<1>, C4<1>;
v0x7f8ded49e080_0 .net "ID_EX_MR", 0 0, v0x7f8ded4a23b0_0;  alias, 1 drivers
v0x7f8ded49e130_0 .net "ID_EX_Rd", 4 0, v0x7f8ded4a27d0_0;  alias, 1 drivers
v0x7f8ded49e1d0_0 .net "No_Op", 0 0, L_0x7f8ded4b47f0;  alias, 1 drivers
v0x7f8ded49e2a0_0 .net "PC_write", 0 0, L_0x7f8ded4b3b30;  alias, 1 drivers
v0x7f8ded49e330_0 .net "RS1", 4 0, L_0x7f8ded4b4920;  1 drivers
v0x7f8ded49e400_0 .net "RS2", 4 0, L_0x7f8ded4b4a40;  1 drivers
v0x7f8ded49e4b0_0 .net "STALL", 0 0, L_0x7f8ded4b4160;  alias, 1 drivers
v0x7f8ded49e550_0 .net/2u *"_ivl_0", 0 0, L_0x7f8dee873a70;  1 drivers
v0x7f8ded49e600_0 .net *"_ivl_11", 0 0, L_0x7f8ded4b3a40;  1 drivers
L_0x7f8dee873ab8 .functor BUFT 1, C4<0>, C4<0>, C4<0>, C4<0>;
v0x7f8ded49e710_0 .net/2u *"_ivl_12", 0 0, L_0x7f8dee873ab8;  1 drivers
L_0x7f8dee873b00 .functor BUFT 1, C4<1>, C4<0>, C4<0>, C4<0>;
v0x7f8ded49e7b0_0 .net/2u *"_ivl_14", 0 0, L_0x7f8dee873b00;  1 drivers
v0x7f8ded49e860_0 .net/2u *"_ivl_18", 0 0, L_0x7f8dee873b48;  1 drivers
v0x7f8ded49e910_0 .net *"_ivl_2", 0 0, L_0x7f8ded4b36a0;  1 drivers
v0x7f8ded49e9b0_0 .net *"_ivl_20", 0 0, L_0x7f8ded4b3cb0;  1 drivers
v0x7f8ded49ea50_0 .net *"_ivl_22", 0 0, L_0x7f8ded4b3d60;  1 drivers
v0x7f8ded49eaf0_0 .net *"_ivl_24", 0 0, L_0x7f8ded4b3e40;  1 drivers
v0x7f8ded49eb90_0 .net *"_ivl_27", 0 0, L_0x7f8ded4b3f50;  1 drivers
v0x7f8ded49ed20_0 .net *"_ivl_29", 0 0, L_0x7f8ded4b4070;  1 drivers
L_0x7f8dee873b90 .functor BUFT 1, C4<1>, C4<0>, C4<0>, C4<0>;
v0x7f8ded49edb0_0 .net/2u *"_ivl_30", 0 0, L_0x7f8dee873b90;  1 drivers
L_0x7f8dee873bd8 .functor BUFT 1, C4<0>, C4<0>, C4<0>, C4<0>;
v0x7f8ded49ee40_0 .net/2u *"_ivl_32", 0 0, L_0x7f8dee873bd8;  1 drivers
v0x7f8ded49eef0_0 .net/2u *"_ivl_36", 0 0, L_0x7f8dee873c20;  1 drivers
v0x7f8ded49efa0_0 .net *"_ivl_38", 0 0, L_0x7f8ded4b42c0;  1 drivers
v0x7f8ded49f040_0 .net *"_ivl_4", 0 0, L_0x7f8ded4b3790;  1 drivers
v0x7f8ded49f0e0_0 .net *"_ivl_40", 0 0, L_0x7f8ded4b43b0;  1 drivers
v0x7f8ded49f180_0 .net *"_ivl_42", 0 0, L_0x7f8ded4b4590;  1 drivers
v0x7f8ded49f220_0 .net *"_ivl_45", 0 0, L_0x7f8ded4b3830;  1 drivers
v0x7f8ded49f2c0_0 .net *"_ivl_47", 0 0, L_0x7f8ded4b46b0;  1 drivers
L_0x7f8dee873c68 .functor BUFT 1, C4<1>, C4<0>, C4<0>, C4<0>;
v0x7f8ded49f360_0 .net/2u *"_ivl_48", 0 0, L_0x7f8dee873c68;  1 drivers
L_0x7f8dee873cb0 .functor BUFT 1, C4<0>, C4<0>, C4<0>, C4<0>;
v0x7f8ded49f410_0 .net/2u *"_ivl_50", 0 0, L_0x7f8dee873cb0;  1 drivers
v0x7f8ded49f4c0_0 .net *"_ivl_6", 0 0, L_0x7f8ded4b38b0;  1 drivers
v0x7f8ded49f560_0 .net *"_ivl_9", 0 0, L_0x7f8ded4b3950;  1 drivers
L_0x7f8ded4b3790 .cmp/eq 5, v0x7f8ded4a27d0_0, L_0x7f8ded4b4920;
L_0x7f8ded4b38b0 .cmp/eq 5, v0x7f8ded4a27d0_0, L_0x7f8ded4b4a40;
L_0x7f8ded4b3b30 .functor MUXZ 1, L_0x7f8dee873b00, L_0x7f8dee873ab8, L_0x7f8ded4b3a40, C4<>;
L_0x7f8ded4b3d60 .cmp/eq 5, v0x7f8ded4a27d0_0, L_0x7f8ded4b4920;
L_0x7f8ded4b3e40 .cmp/eq 5, v0x7f8ded4a27d0_0, L_0x7f8ded4b4a40;
L_0x7f8ded4b4160 .functor MUXZ 1, L_0x7f8dee873bd8, L_0x7f8dee873b90, L_0x7f8ded4b4070, C4<>;
L_0x7f8ded4b43b0 .cmp/eq 5, v0x7f8ded4a27d0_0, L_0x7f8ded4b4920;
L_0x7f8ded4b4590 .cmp/eq 5, v0x7f8ded4a27d0_0, L_0x7f8ded4b4a40;
L_0x7f8ded4b47f0 .functor MUXZ 1, L_0x7f8dee873cb0, L_0x7f8dee873c68, L_0x7f8ded4b46b0, C4<>;
S_0x7f8ded49f6b0 .scope module, "Instruction_Memory" "Instruction_Memory" 4 121, 15 1 0, S_0x7f8ded490260;
 .timescale 0 0;
    .port_info 0 /INPUT 32 "addr_i";
    .port_info 1 /OUTPUT 32 "instr_o";
L_0x7f8ded4ad6a0 .functor BUFZ 32, L_0x7f8ded4ad3c0, C4<00000000000000000000000000000000>, C4<00000000000000000000000000000000>, C4<00000000000000000000000000000000>;
v0x7f8ded49f850_0 .net *"_ivl_0", 31 0, L_0x7f8ded4ad3c0;  1 drivers
v0x7f8ded49f8f0_0 .net *"_ivl_2", 31 0, L_0x7f8ded4ad580;  1 drivers
v0x7f8ded49f990_0 .net *"_ivl_4", 29 0, L_0x7f8ded4ad460;  1 drivers
L_0x7f8dee873248 .functor BUFT 1, C4<00>, C4<0>, C4<0>, C4<0>;
v0x7f8ded49fa20_0 .net *"_ivl_6", 1 0, L_0x7f8dee873248;  1 drivers
v0x7f8ded49fad0_0 .net "addr_i", 31 0, v0x7f8ded4a0770_0;  alias, 1 drivers
v0x7f8ded49fbb0_0 .net "instr_o", 31 0, L_0x7f8ded4ad6a0;  alias, 1 drivers
v0x7f8ded49fc50 .array "memory", 255 0, 31 0;
L_0x7f8ded4ad3c0 .array/port v0x7f8ded49fc50, L_0x7f8ded4ad580;
L_0x7f8ded4ad460 .part v0x7f8ded4a0770_0, 2, 30;
L_0x7f8ded4ad580 .concat [ 30 2 0 0], L_0x7f8ded4ad460, L_0x7f8dee873248;
S_0x7f8ded49fd20 .scope module, "MUX_ALUSrc" "MUX32" 4 151, 13 1 0, S_0x7f8ded490260;
 .timescale 0 0;
    .port_info 0 /INPUT 32 "data1_i";
    .port_info 1 /INPUT 32 "data2_i";
    .port_info 2 /INPUT 1 "select_i";
    .port_info 3 /OUTPUT 32 "data_o";
v0x7f8ded49ff60_0 .net "data1_i", 31 0, L_0x7f8ded4b70a0;  alias, 1 drivers
v0x7f8ded4a0020_0 .net "data2_i", 31 0, v0x7f8ded4a3260_0;  alias, 1 drivers
v0x7f8ded4a00c0_0 .net "data_o", 31 0, L_0x7f8ded4afc30;  alias, 1 drivers
v0x7f8ded4a0190_0 .net "select_i", 0 0, v0x7f8ded4a2170_0;  alias, 1 drivers
L_0x7f8ded4afc30 .functor MUXZ 32, L_0x7f8ded4b70a0, v0x7f8ded4a3260_0, v0x7f8ded4a2170_0, C4<>;
S_0x7f8ded4a0280 .scope module, "PC" "PC" 4 112, 16 1 0, S_0x7f8ded490260;
 .timescale 0 0;
    .port_info 0 /INPUT 1 "clk_i";
    .port_info 1 /INPUT 1 "rst_i";
    .port_info 2 /INPUT 1 "start_i";
    .port_info 3 /INPUT 1 "PCWrite_i";
    .port_info 4 /INPUT 32 "pc_i";
    .port_info 5 /OUTPUT 32 "pc_o";
v0x7f8ded4a0550_0 .net "PCWrite_i", 0 0, L_0x7f8ded4b3b30;  alias, 1 drivers
v0x7f8ded4a05f0_0 .net "clk_i", 0 0, v0x7f8ded4abea0_0;  alias, 1 drivers
v0x7f8ded4a06a0_0 .net "pc_i", 31 0, L_0x7f8ded4afd50;  alias, 1 drivers
v0x7f8ded4a0770_0 .var "pc_o", 31 0;
v0x7f8ded4a0840_0 .net "rst_i", 0 0, v0x7f8ded4ac030_0;  alias, 1 drivers
v0x7f8ded4a0910_0 .net "start_i", 0 0, v0x7f8ded4ac0c0_0;  alias, 1 drivers
E_0x7f8ded4a0500 .event posedge, v0x7f8ded4a0840_0, v0x7f8ded499930_0;
S_0x7f8ded4a0a10 .scope module, "RegisterEX_MEM" "RegisterEX_MEM" 4 255, 17 1 0, S_0x7f8ded490260;
 .timescale 0 0;
    .port_info 0 /INPUT 1 "clk_i";
    .port_info 1 /INPUT 1 "RegWrite_i";
    .port_info 2 /INPUT 1 "MemWrite_i";
    .port_info 3 /INPUT 1 "MemRead_i";
    .port_info 4 /INPUT 1 "MemtoReg_i";
    .port_info 5 /OUTPUT 1 "RegWrite_o";
    .port_info 6 /OUTPUT 1 "MemWrite_o";
    .port_info 7 /OUTPUT 1 "MemRead_o";
    .port_info 8 /OUTPUT 1 "MemtoReg_o";
    .port_info 9 /INPUT 32 "ALU_Result_i";
    .port_info 10 /INPUT 32 "muxBresult_i";
    .port_info 11 /INPUT 5 "RDaddr_i";
    .port_info 12 /OUTPUT 32 "ALU_Result_o";
    .port_info 13 /OUTPUT 32 "muxBresult_o";
    .port_info 14 /OUTPUT 5 "RDaddr_o";
    .port_info 15 /NODIR 0 "";
v0x7f8ded4a0dd0_0 .net "ALU_Result_i", 31 0, L_0x7f8ded4b9580;  alias, 1 drivers
v0x7f8ded4a0e80_0 .var "ALU_Result_o", 31 0;
v0x7f8ded4a0f10_0 .net "MemRead_i", 0 0, v0x7f8ded4a23b0_0;  alias, 1 drivers
v0x7f8ded4a0fc0_0 .var "MemRead_o", 0 0;
v0x7f8ded4a1070_0 .net "MemWrite_i", 0 0, v0x7f8ded4a2590_0;  alias, 1 drivers
v0x7f8ded4a1140_0 .var "MemWrite_o", 0 0;
v0x7f8ded4a11d0_0 .net "MemtoReg_i", 0 0, v0x7f8ded4a26b0_0;  alias, 1 drivers
v0x7f8ded4a1260_0 .var "MemtoReg_o", 0 0;
v0x7f8ded4a12f0_0 .net "RDaddr_i", 4 0, v0x7f8ded4a27d0_0;  alias, 1 drivers
v0x7f8ded4a1420_0 .var "RDaddr_o", 4 0;
v0x7f8ded4a14b0_0 .net "RegWrite_i", 0 0, v0x7f8ded4a2f30_0;  alias, 1 drivers
v0x7f8ded4a1540_0 .var "RegWrite_o", 0 0;
v0x7f8ded4a15d0_0 .net "clk_i", 0 0, v0x7f8ded4abea0_0;  alias, 1 drivers
v0x7f8ded4a16a0_0 .net "muxBresult_i", 31 0, L_0x7f8ded4b70a0;  alias, 1 drivers
v0x7f8ded4a1770_0 .var "muxBresult_o", 31 0;
S_0x7f8ded4a1940 .scope module, "RegisterID_EX" "RegisterID_EX" 4 204, 18 1 0, S_0x7f8ded490260;
 .timescale 0 0;
    .port_info 0 /INPUT 1 "clk_i";
    .port_info 1 /INPUT 3 "ALUOp_i";
    .port_info 2 /INPUT 1 "ALUSrc_i";
    .port_info 3 /INPUT 1 "RegWrite_i";
    .port_info 4 /INPUT 1 "MemWrite_i";
    .port_info 5 /INPUT 1 "MemRead_i";
    .port_info 6 /INPUT 1 "MemtoReg_i";
    .port_info 7 /INPUT 1 "Branch_i";
    .port_info 8 /OUTPUT 3 "ALUOp_o";
    .port_info 9 /OUTPUT 1 "ALUSrc_o";
    .port_info 10 /OUTPUT 1 "RegWrite_o";
    .port_info 11 /OUTPUT 1 "MemWrite_o";
    .port_info 12 /OUTPUT 1 "MemRead_o";
    .port_info 13 /OUTPUT 1 "MemtoReg_o";
    .port_info 14 /OUTPUT 1 "Branch_o";
    .port_info 15 /INPUT 32 "RS1data_i";
    .port_info 16 /INPUT 32 "RS2data_i";
    .port_info 17 /INPUT 32 "imm_i";
    .port_info 18 /INPUT 10 "funct_i";
    .port_info 19 /INPUT 5 "RDaddr_i";
    .port_info 20 /OUTPUT 32 "RS1data_o";
    .port_info 21 /OUTPUT 32 "RS2data_o";
    .port_info 22 /OUTPUT 32 "imm_o";
    .port_info 23 /OUTPUT 10 "funct_o";
    .port_info 24 /OUTPUT 5 "RDaddr_o";
    .port_info 25 /INPUT 5 "RSaddr_i";
    .port_info 26 /INPUT 5 "RTaddr_i";
    .port_info 27 /OUTPUT 5 "RSaddr_o";
    .port_info 28 /OUTPUT 5 "RTaddr_o";
    .port_info 29 /NODIR 0 "";
v0x7f8ded4a1fc0_0 .net "ALUOp_i", 2 0, L_0x7f8ded4ae910;  alias, 1 drivers
v0x7f8ded4a2050_0 .var "ALUOp_o", 2 0;
v0x7f8ded4a20e0_0 .net "ALUSrc_i", 0 0, L_0x7f8ded4aeba0;  alias, 1 drivers
v0x7f8ded4a2170_0 .var "ALUSrc_o", 0 0;
o0x7f8dee846ce8 .functor BUFZ 1, C4<z>; HiZ drive
v0x7f8ded4a2200_0 .net "Branch_i", 0 0, o0x7f8dee846ce8;  0 drivers
v0x7f8ded4a2290_0 .var "Branch_o", 0 0;
v0x7f8ded4a2320_0 .net "MemRead_i", 0 0, L_0x7f8ded4ae210;  alias, 1 drivers
v0x7f8ded4a23b0_0 .var "MemRead_o", 0 0;
v0x7f8ded4a2480_0 .net "MemWrite_i", 0 0, L_0x7f8ded4ae580;  alias, 1 drivers
v0x7f8ded4a2590_0 .var "MemWrite_o", 0 0;
v0x7f8ded4a2620_0 .net "MemtoReg_i", 0 0, L_0x7f8ded4ade70;  alias, 1 drivers
v0x7f8ded4a26b0_0 .var "MemtoReg_o", 0 0;
v0x7f8ded4a2740_0 .net "RDaddr_i", 4 0, L_0x7f8ded4b3430;  1 drivers
v0x7f8ded4a27d0_0 .var "RDaddr_o", 4 0;
v0x7f8ded4a28a0_0 .net "RS1data_i", 31 0, L_0x7f8ded4af450;  alias, 1 drivers
v0x7f8ded4a2930_0 .var "RS1data_o", 31 0;
v0x7f8ded4a29e0_0 .net "RS2data_i", 31 0, L_0x7f8ded4af950;  alias, 1 drivers
v0x7f8ded4a2b90_0 .var "RS2data_o", 31 0;
v0x7f8ded4a2c20_0 .net "RSaddr_i", 4 0, L_0x7f8ded4b3510;  1 drivers
v0x7f8ded4a2cb0_0 .var "RSaddr_o", 4 0;
v0x7f8ded4a2d40_0 .net "RTaddr_i", 4 0, L_0x7f8ded4b35b0;  1 drivers
v0x7f8ded4a2dd0_0 .var "RTaddr_o", 4 0;
v0x7f8ded4a2e80_0 .net "RegWrite_i", 0 0, L_0x7f8ded4adae0;  alias, 1 drivers
v0x7f8ded4a2f30_0 .var "RegWrite_o", 0 0;
v0x7f8ded4a2fe0_0 .net "clk_i", 0 0, v0x7f8ded4abea0_0;  alias, 1 drivers
v0x7f8ded4a3070_0 .net "funct_i", 9 0, L_0x7f8ded4b3310;  1 drivers
v0x7f8ded4a3100_0 .var "funct_o", 9 0;
v0x7f8ded4a31b0_0 .net "imm_i", 31 0, L_0x7f8ded4b2470;  alias, 1 drivers
v0x7f8ded4a3260_0 .var "imm_o", 31 0;
o0x7f8dee846e08 .functor BUFZ 32, C4<zzzzzzzzzzzzzzzzzzzzzzzzzzzzzzzz>; HiZ drive
v0x7f8ded4a3310_0 .net "pc_i", 31 0, o0x7f8dee846e08;  0 drivers
v0x7f8ded4a33a0_0 .var "pc_o", 31 0;
S_0x7f8ded4a3710 .scope module, "RegisterIF_ID" "RegisterIF_ID" 4 191, 19 1 0, S_0x7f8ded490260;
 .timescale 0 0;
    .port_info 0 /INPUT 1 "clk_i";
    .port_info 1 /INPUT 32 "pc_i";
    .port_info 2 /INPUT 32 "instr_i";
    .port_info 3 /INPUT 1 "stall_i";
    .port_info 4 /INPUT 1 "flush_i";
    .port_info 5 /OUTPUT 32 "pc_o";
    .port_info 6 /OUTPUT 32 "instr_o";
v0x7f8ded4a39c0_0 .net "clk_i", 0 0, v0x7f8ded4abea0_0;  alias, 1 drivers
v0x7f8ded4a1c00_0 .net "flush_i", 0 0, L_0x7f8ded4ad260;  alias, 1 drivers
v0x7f8ded4a3ae0_0 .net "instr_i", 31 0, L_0x7f8ded4ad6a0;  alias, 1 drivers
v0x7f8ded4a3b70_0 .var "instr_o", 31 0;
v0x7f8ded4a3c00_0 .net "pc_i", 31 0, v0x7f8ded4a0770_0;  alias, 1 drivers
v0x7f8ded4a3cd0_0 .var "pc_o", 31 0;
v0x7f8ded4a3d60_0 .net "stall_i", 0 0, L_0x7f8ded4b4160;  alias, 1 drivers
S_0x7f8ded4a3e90 .scope module, "RegisterMEM_WB" "RegisterMEM_WB" 4 286, 20 1 0, S_0x7f8ded490260;
 .timescale 0 0;
    .port_info 0 /INPUT 1 "clk_i";
    .port_info 1 /INPUT 1 "RegWrite_i";
    .port_info 2 /INPUT 1 "MemtoReg_i";
    .port_info 3 /OUTPUT 1 "RegWrite_o";
    .port_info 4 /OUTPUT 1 "MemtoReg_o";
    .port_info 5 /INPUT 32 "data_i";
    .port_info 6 /INPUT 32 "ALU_Result_i";
    .port_info 7 /INPUT 5 "RDaddr_i";
    .port_info 8 /OUTPUT 32 "data_o";
    .port_info 9 /OUTPUT 32 "ALU_Result_o";
    .port_info 10 /OUTPUT 5 "RDaddr_o";
v0x7f8ded4a41c0_0 .net "ALU_Result_i", 31 0, v0x7f8ded4a0e80_0;  alias, 1 drivers
v0x7f8ded4a42f0_0 .var "ALU_Result_o", 31 0;
v0x7f8ded4a4380_0 .net "MemtoReg_i", 0 0, v0x7f8ded4a1260_0;  alias, 1 drivers
v0x7f8ded4a4410_0 .var "MemtoReg_o", 0 0;
v0x7f8ded4a44a0_0 .net "RDaddr_i", 4 0, v0x7f8ded4a1420_0;  alias, 1 drivers
v0x7f8ded4a45b0_0 .var "RDaddr_o", 4 0;
v0x7f8ded4a4640_0 .net "RegWrite_i", 0 0, v0x7f8ded4a1540_0;  alias, 1 drivers
v0x7f8ded4a4710_0 .var "RegWrite_o", 0 0;
v0x7f8ded4a47a0_0 .net "clk_i", 0 0, v0x7f8ded4abea0_0;  alias, 1 drivers
v0x7f8ded4a48b0_0 .net "data_i", 31 0, L_0x7f8ded4b30b0;  alias, 1 drivers
v0x7f8ded4a4940_0 .var "data_o", 31 0;
S_0x7f8ded4a4a90 .scope module, "Registers" "Registers" 4 138, 21 1 0, S_0x7f8ded490260;
 .timescale 0 0;
    .port_info 0 /INPUT 1 "clk_i";
    .port_info 1 /INPUT 5 "RS1addr_i";
    .port_info 2 /INPUT 5 "RS2addr_i";
    .port_info 3 /INPUT 5 "RDaddr_i";
    .port_info 4 /INPUT 32 "RDdata_i";
    .port_info 5 /INPUT 1 "RegWrite_i";
    .port_info 6 /OUTPUT 32 "RS1data_o";
    .port_info 7 /OUTPUT 32 "RS2data_o";
L_0x7f8ded4af120 .functor AND 1, L_0x7f8ded4af000, v0x7f8ded4a4710_0, C4<1>, C4<1>;
L_0x7f8ded4af640 .functor AND 1, L_0x7f8ded4af570, v0x7f8ded4a4710_0, C4<1>, C4<1>;
v0x7f8ded4a4d50_0 .net "RDaddr_i", 4 0, v0x7f8ded4a45b0_0;  alias, 1 drivers
v0x7f8ded4a4e40_0 .net "RDdata_i", 31 0, L_0x7f8ded4afef0;  alias, 1 drivers
v0x7f8ded4a4ed0_0 .net "RS1addr_i", 4 0, L_0x7f8ded4afa70;  1 drivers
v0x7f8ded4a4f60_0 .net "RS1data_o", 31 0, L_0x7f8ded4af450;  alias, 1 drivers
v0x7f8ded4a5030_0 .net "RS2addr_i", 4 0, L_0x7f8ded4afb90;  1 drivers
v0x7f8ded4a5100_0 .net "RS2data_o", 31 0, L_0x7f8ded4af950;  alias, 1 drivers
v0x7f8ded4a51d0_0 .net "RegWrite_i", 0 0, v0x7f8ded4a4710_0;  alias, 1 drivers
v0x7f8ded4a52a0_0 .net *"_ivl_0", 0 0, L_0x7f8ded4af000;  1 drivers
v0x7f8ded4a5330_0 .net *"_ivl_12", 0 0, L_0x7f8ded4af570;  1 drivers
v0x7f8ded4a5440_0 .net *"_ivl_15", 0 0, L_0x7f8ded4af640;  1 drivers
v0x7f8ded4a54d0_0 .net *"_ivl_16", 31 0, L_0x7f8ded4af6f0;  1 drivers
v0x7f8ded4a5560_0 .net *"_ivl_18", 6 0, L_0x7f8ded4af790;  1 drivers
L_0x7f8dee8733f8 .functor BUFT 1, C4<00>, C4<0>, C4<0>, C4<0>;
v0x7f8ded4a5600_0 .net *"_ivl_21", 1 0, L_0x7f8dee8733f8;  1 drivers
v0x7f8ded4a56b0_0 .net *"_ivl_3", 0 0, L_0x7f8ded4af120;  1 drivers
v0x7f8ded4a5750_0 .net *"_ivl_4", 31 0, L_0x7f8ded4af250;  1 drivers
v0x7f8ded4a5800_0 .net *"_ivl_6", 6 0, L_0x7f8ded4af2f0;  1 drivers
L_0x7f8dee8733b0 .functor BUFT 1, C4<00>, C4<0>, C4<0>, C4<0>;
v0x7f8ded4a58b0_0 .net *"_ivl_9", 1 0, L_0x7f8dee8733b0;  1 drivers
v0x7f8ded4a5a40_0 .net "clk_i", 0 0, v0x7f8ded4abea0_0;  alias, 1 drivers
v0x7f8ded4a5ad0 .array/s "register", 31 0, 31 0;
L_0x7f8ded4af000 .cmp/eq 5, L_0x7f8ded4afa70, v0x7f8ded4a45b0_0;
L_0x7f8ded4af250 .array/port v0x7f8ded4a5ad0, L_0x7f8ded4af2f0;
L_0x7f8ded4af2f0 .concat [ 5 2 0 0], L_0x7f8ded4afa70, L_0x7f8dee8733b0;
L_0x7f8ded4af450 .functor MUXZ 32, L_0x7f8ded4af250, L_0x7f8ded4afef0, L_0x7f8ded4af120, C4<>;
L_0x7f8ded4af570 .cmp/eq 5, L_0x7f8ded4afb90, v0x7f8ded4a45b0_0;
L_0x7f8ded4af6f0 .array/port v0x7f8ded4a5ad0, L_0x7f8ded4af790;
L_0x7f8ded4af790 .concat [ 5 2 0 0], L_0x7f8ded4afb90, L_0x7f8dee8733f8;
L_0x7f8ded4af950 .functor MUXZ 32, L_0x7f8ded4af6f0, L_0x7f8ded4afef0, L_0x7f8ded4af640, C4<>;
S_0x7f8ded4a5c10 .scope module, "WB_MUX32" "MUX32" 4 165, 13 1 0, S_0x7f8ded490260;
 .timescale 0 0;
    .port_info 0 /INPUT 32 "data1_i";
    .port_info 1 /INPUT 32 "data2_i";
    .port_info 2 /INPUT 1 "select_i";
    .port_info 3 /OUTPUT 32 "data_o";
v0x7f8ded4a5de0_0 .net "data1_i", 31 0, v0x7f8ded4a42f0_0;  alias, 1 drivers
v0x7f8ded4a5ea0_0 .net "data2_i", 31 0, v0x7f8ded4a4940_0;  alias, 1 drivers
v0x7f8ded4a5f30_0 .net "data_o", 31 0, L_0x7f8ded4afef0;  alias, 1 drivers
v0x7f8ded4a5fc0_0 .net "select_i", 0 0, v0x7f8ded4a4410_0;  alias, 1 drivers
L_0x7f8ded4afef0 .functor MUXZ 32, v0x7f8ded4a42f0_0, v0x7f8ded4a4940_0, v0x7f8ded4a4410_0, C4<>;
S_0x7f8ded4a60b0 .scope module, "immeGen" "immeGen" 4 174, 22 1 0, S_0x7f8ded490260;
 .timescale 0 0;
    .port_info 0 /INPUT 32 "data_i";
    .port_info 1 /OUTPUT 32 "data_o";
    .port_info 2 /NODIR 0 "";
L_0x7f8dee873440 .functor BUFT 1, C4<1>, C4<0>, C4<0>, C4<0>;
L_0x7f8ded4b0030 .functor XNOR 1, L_0x7f8ded4aff90, L_0x7f8dee873440, C4<0>, C4<0>;
L_0x7f8dee8734d0 .functor BUFT 1, C4<0>, C4<0>, C4<0>, C4<0>;
L_0x7f8ded4ad500 .functor XNOR 1, L_0x7f8ded4b01a0, L_0x7f8dee8734d0, C4<0>, C4<0>;
L_0x7f8dee873518 .functor BUFT 1, C4<0>, C4<0>, C4<0>, C4<0>;
L_0x7f8ded4b0820 .functor XNOR 1, L_0x7f8ded4b0740, L_0x7f8dee873518, C4<0>, C4<0>;
L_0x7f8dee873560 .functor BUFT 1, C4<0>, C4<0>, C4<0>, C4<0>;
L_0x7f8ded4b0a50 .functor XNOR 1, L_0x7f8ded4b0d40, L_0x7f8dee873560, C4<0>, C4<0>;
L_0x7f8dee8735f0 .functor BUFT 1, C4<1>, C4<0>, C4<0>, C4<0>;
L_0x7f8ded4b0f40 .functor XNOR 1, L_0x7f8ded4b10d0, L_0x7f8dee8735f0, C4<0>, C4<0>;
L_0x7f8dee873638 .functor BUFT 1, C4<0>, C4<0>, C4<0>, C4<0>;
L_0x7f8ded4b1170 .functor XNOR 1, L_0x7f8ded4b0360, L_0x7f8dee873638, C4<0>, C4<0>;
L_0x7f8dee8736c8 .functor BUFT 1, C4<1>, C4<0>, C4<0>, C4<0>;
L_0x7f8ded4b1a60 .functor XNOR 1, L_0x7f8ded4b19c0, L_0x7f8dee8736c8, C4<0>, C4<0>;
L_0x7f8dee873710 .functor BUFT 1, C4<0>, C4<0>, C4<0>, C4<0>;
L_0x7f8ded4b1cd0 .functor XNOR 1, L_0x7f8ded4b1c30, L_0x7f8dee873710, C4<0>, C4<0>;
L_0x7f8dee873758 .functor BUFT 1, C4<1>, C4<0>, C4<0>, C4<0>;
L_0x7f8ded4b1ea0 .functor XNOR 1, L_0x7f8ded4b1e00, L_0x7f8dee873758, C4<0>, C4<0>;
L_0x7f8dee873878 .functor BUFT 1, C4<0>, C4<0>, C4<0>, C4<0>;
L_0x7f8ded4b2390 .functor XNOR 1, L_0x7f8ded4b2650, L_0x7f8dee873878, C4<0>, C4<0>;
L_0x7f8dee8738c0 .functor BUFT 1, C4<1>, C4<0>, C4<0>, C4<0>;
L_0x7f8ded4b28c0 .functor XNOR 1, L_0x7f8ded4b2820, L_0x7f8dee8738c0, C4<0>, C4<0>;
L_0x7f8dee8737a0 .functor BUFT 1, C4<1>, C4<0>, C4<0>, C4<0>;
v0x7f8ded4a62d0_0 .net/2u *"_ivl_100", 0 0, L_0x7f8dee8737a0;  1 drivers
L_0x7f8dee8737e8 .functor BUFT 1, C4<0>, C4<0>, C4<0>, C4<0>;
v0x7f8ded4a6390_0 .net/2u *"_ivl_102", 0 0, L_0x7f8dee8737e8;  1 drivers
v0x7f8ded4a6430_0 .net *"_ivl_104", 0 0, L_0x7f8ded4b2020;  1 drivers
L_0x7f8dee873830 .functor BUFT 1, C4<0>, C4<0>, C4<0>, C4<0>;
v0x7f8ded4a64e0_0 .net/2u *"_ivl_106", 0 0, L_0x7f8dee873830;  1 drivers
v0x7f8ded4a6590_0 .net *"_ivl_108", 0 0, L_0x7f8ded4b2190;  1 drivers
v0x7f8ded4a6680_0 .net *"_ivl_11", 0 0, L_0x7f8ded4b01a0;  1 drivers
v0x7f8ded4a6730_0 .net *"_ivl_110", 0 0, L_0x7f8ded4b22f0;  1 drivers
v0x7f8ded4a67e0_0 .net *"_ivl_116", 0 0, L_0x7f8ded4b2650;  1 drivers
v0x7f8ded4a6890_0 .net/2u *"_ivl_117", 0 0, L_0x7f8dee873878;  1 drivers
v0x7f8ded4a69a0_0 .net *"_ivl_119", 0 0, L_0x7f8ded4b2390;  1 drivers
v0x7f8ded4a6a40_0 .net/2u *"_ivl_12", 0 0, L_0x7f8dee8734d0;  1 drivers
v0x7f8ded4a6af0_0 .net *"_ivl_122", 0 0, L_0x7f8ded4b2820;  1 drivers
v0x7f8ded4a6ba0_0 .net/2u *"_ivl_123", 0 0, L_0x7f8dee8738c0;  1 drivers
v0x7f8ded4a6c50_0 .net *"_ivl_125", 0 0, L_0x7f8ded4b28c0;  1 drivers
L_0x7f8dee873908 .functor BUFT 1, C4<0000000000000000001>, C4<0>, C4<0>, C4<0>;
v0x7f8ded4a6cf0_0 .net/2u *"_ivl_127", 18 0, L_0x7f8dee873908;  1 drivers
L_0x7f8dee873950 .functor BUFT 1, C4<0000000000000000000>, C4<0>, C4<0>, C4<0>;
v0x7f8ded4a6da0_0 .net/2u *"_ivl_129", 18 0, L_0x7f8dee873950;  1 drivers
v0x7f8ded4a6e50_0 .net *"_ivl_131", 18 0, L_0x7f8ded4b00a0;  1 drivers
L_0x7f8dee873998 .functor BUFT 1, C4<0000000000000000000>, C4<0>, C4<0>, C4<0>;
v0x7f8ded4a6fe0_0 .net/2u *"_ivl_133", 18 0, L_0x7f8dee873998;  1 drivers
v0x7f8ded4a7070_0 .net *"_ivl_135", 18 0, L_0x7f8ded4b2730;  1 drivers
v0x7f8ded4a7120_0 .net *"_ivl_14", 0 0, L_0x7f8ded4ad500;  1 drivers
v0x7f8ded4a71c0_0 .net *"_ivl_17", 0 0, L_0x7f8ded4b02c0;  1 drivers
v0x7f8ded4a7270_0 .net *"_ivl_19", 0 0, L_0x7f8ded4b0460;  1 drivers
v0x7f8ded4a7320_0 .net *"_ivl_20", 0 0, L_0x7f8ded4b0500;  1 drivers
v0x7f8ded4a73d0_0 .net *"_ivl_22", 0 0, L_0x7f8ded4b0620;  1 drivers
v0x7f8ded4a7480_0 .net *"_ivl_27", 0 0, L_0x7f8ded4b0740;  1 drivers
v0x7f8ded4a7530_0 .net/2u *"_ivl_28", 0 0, L_0x7f8dee873518;  1 drivers
v0x7f8ded4a75e0_0 .net *"_ivl_3", 0 0, L_0x7f8ded4aff90;  1 drivers
v0x7f8ded4a7690_0 .net *"_ivl_30", 0 0, L_0x7f8ded4b0820;  1 drivers
v0x7f8ded4a7730_0 .net *"_ivl_33", 5 0, L_0x7f8ded4b0910;  1 drivers
v0x7f8ded4a77e0_0 .net *"_ivl_35", 5 0, L_0x7f8ded4b09b0;  1 drivers
v0x7f8ded4a7890_0 .net *"_ivl_36", 5 0, L_0x7f8ded4b0ac0;  1 drivers
v0x7f8ded4a7940_0 .net *"_ivl_39", 3 0, L_0x7f8ded4b0c00;  1 drivers
v0x7f8ded4a79f0_0 .net/2u *"_ivl_4", 0 0, L_0x7f8dee873440;  1 drivers
v0x7f8ded4a6f00_0 .net *"_ivl_43", 0 0, L_0x7f8ded4b0d40;  1 drivers
v0x7f8ded4a7c80_0 .net/2u *"_ivl_44", 0 0, L_0x7f8dee873560;  1 drivers
v0x7f8ded4a7d10_0 .net *"_ivl_46", 0 0, L_0x7f8ded4b0a50;  1 drivers
v0x7f8ded4a7da0_0 .net *"_ivl_49", 5 0, L_0x7f8ded4b0ea0;  1 drivers
L_0x7f8dee8735a8 .functor BUFT 1, C4<000000>, C4<0>, C4<0>, C4<0>;
v0x7f8ded4a7e50_0 .net/2u *"_ivl_50", 5 0, L_0x7f8dee8735a8;  1 drivers
v0x7f8ded4a7f00_0 .net *"_ivl_52", 5 0, L_0x7f8ded4b0fb0;  1 drivers
v0x7f8ded4a7fb0_0 .net *"_ivl_57", 0 0, L_0x7f8ded4b10d0;  1 drivers
v0x7f8ded4a8060_0 .net/2u *"_ivl_58", 0 0, L_0x7f8dee8735f0;  1 drivers
v0x7f8ded4a8110_0 .net *"_ivl_6", 0 0, L_0x7f8ded4b0030;  1 drivers
v0x7f8ded4a81b0_0 .net *"_ivl_60", 0 0, L_0x7f8ded4b0f40;  1 drivers
v0x7f8ded4a8250_0 .net *"_ivl_63", 0 0, L_0x7f8ded4b1270;  1 drivers
v0x7f8ded4a8300_0 .net *"_ivl_65", 0 0, L_0x7f8ded4b0360;  1 drivers
v0x7f8ded4a83b0_0 .net/2u *"_ivl_66", 0 0, L_0x7f8dee873638;  1 drivers
v0x7f8ded4a8460_0 .net *"_ivl_68", 0 0, L_0x7f8ded4b1170;  1 drivers
v0x7f8ded4a8500_0 .net *"_ivl_71", 0 0, L_0x7f8ded4b1620;  1 drivers
L_0x7f8dee873680 .functor BUFT 1, C4<0>, C4<0>, C4<0>, C4<0>;
v0x7f8ded4a85b0_0 .net/2u *"_ivl_72", 0 0, L_0x7f8dee873680;  1 drivers
v0x7f8ded4a8660_0 .net *"_ivl_74", 0 0, L_0x7f8ded4b16c0;  1 drivers
v0x7f8ded4a8710_0 .net *"_ivl_76", 0 0, L_0x7f8ded4b1860;  1 drivers
L_0x7f8dee873488 .functor BUFT 1, C4<0>, C4<0>, C4<0>, C4<0>;
v0x7f8ded4a87c0_0 .net/2u *"_ivl_8", 0 0, L_0x7f8dee873488;  1 drivers
v0x7f8ded4a8870_0 .net *"_ivl_81", 0 0, L_0x7f8ded4b19c0;  1 drivers
v0x7f8ded4a8920_0 .net/2u *"_ivl_82", 0 0, L_0x7f8dee8736c8;  1 drivers
v0x7f8ded4a89d0_0 .net *"_ivl_84", 0 0, L_0x7f8ded4b1a60;  1 drivers
v0x7f8ded4a8a70_0 .net *"_ivl_87", 0 0, L_0x7f8ded4b1b90;  1 drivers
v0x7f8ded4a8b20_0 .net *"_ivl_89", 0 0, L_0x7f8ded4b1c30;  1 drivers
v0x7f8ded4a8bd0_0 .net/2u *"_ivl_90", 0 0, L_0x7f8dee873710;  1 drivers
v0x7f8ded4a8c80_0 .net *"_ivl_92", 0 0, L_0x7f8ded4b1cd0;  1 drivers
v0x7f8ded4a8d20_0 .net *"_ivl_95", 0 0, L_0x7f8ded4b1e00;  1 drivers
v0x7f8ded4a8dd0_0 .net/2u *"_ivl_96", 0 0, L_0x7f8dee873758;  1 drivers
v0x7f8ded4a8e80_0 .net *"_ivl_98", 0 0, L_0x7f8ded4b1ea0;  1 drivers
v0x7f8ded4a8f20_0 .net "data_i", 31 0, v0x7f8ded4a3b70_0;  alias, 1 drivers
v0x7f8ded4a8fe0_0 .net "data_o", 31 0, L_0x7f8ded4b2470;  alias, 1 drivers
L_0x7f8ded4aff90 .part v0x7f8ded4a3b70_0, 6, 1;
L_0x7f8ded4b01a0 .part v0x7f8ded4a3b70_0, 5, 1;
L_0x7f8ded4b02c0 .part v0x7f8ded4a3b70_0, 20, 1;
L_0x7f8ded4b0460 .part v0x7f8ded4a3b70_0, 7, 1;
L_0x7f8ded4b0500 .functor MUXZ 1, L_0x7f8ded4b0460, L_0x7f8ded4b02c0, L_0x7f8ded4ad500, C4<>;
L_0x7f8ded4b0620 .functor MUXZ 1, L_0x7f8ded4b0500, L_0x7f8dee873488, L_0x7f8ded4b0030, C4<>;
L_0x7f8ded4b0740 .part v0x7f8ded4a3b70_0, 5, 1;
L_0x7f8ded4b0910 .part v0x7f8ded4a3b70_0, 19, 6;
L_0x7f8ded4b09b0 .part v0x7f8ded4a3b70_0, 6, 6;
L_0x7f8ded4b0ac0 .functor MUXZ 6, L_0x7f8ded4b09b0, L_0x7f8ded4b0910, L_0x7f8ded4b0820, C4<>;
L_0x7f8ded4b0c00 .part L_0x7f8ded4b0ac0, 0, 4;
L_0x7f8ded4b0d40 .part v0x7f8ded4a3b70_0, 14, 1;
L_0x7f8ded4b0ea0 .part v0x7f8ded4a3b70_0, 25, 6;
L_0x7f8ded4b0fb0 .functor MUXZ 6, L_0x7f8dee8735a8, L_0x7f8ded4b0ea0, L_0x7f8ded4b0a50, C4<>;
L_0x7f8ded4b10d0 .part v0x7f8ded4a3b70_0, 6, 1;
L_0x7f8ded4b1270 .part v0x7f8ded4a3b70_0, 7, 1;
L_0x7f8ded4b0360 .part v0x7f8ded4a3b70_0, 14, 1;
L_0x7f8ded4b1620 .part v0x7f8ded4a3b70_0, 31, 1;
L_0x7f8ded4b16c0 .functor MUXZ 1, L_0x7f8dee873680, L_0x7f8ded4b1620, L_0x7f8ded4b1170, C4<>;
L_0x7f8ded4b1860 .functor MUXZ 1, L_0x7f8ded4b16c0, L_0x7f8ded4b1270, L_0x7f8ded4b0f40, C4<>;
L_0x7f8ded4b19c0 .part v0x7f8ded4a3b70_0, 6, 1;
L_0x7f8ded4b1b90 .part v0x7f8ded4a3b70_0, 31, 1;
L_0x7f8ded4b1c30 .part v0x7f8ded4a3b70_0, 14, 1;
L_0x7f8ded4b1e00 .part v0x7f8ded4a3b70_0, 31, 1;
L_0x7f8ded4b2020 .functor MUXZ 1, L_0x7f8dee8737e8, L_0x7f8dee8737a0, L_0x7f8ded4b1ea0, C4<>;
L_0x7f8ded4b2190 .functor MUXZ 1, L_0x7f8dee873830, L_0x7f8ded4b2020, L_0x7f8ded4b1cd0, C4<>;
L_0x7f8ded4b22f0 .functor MUXZ 1, L_0x7f8ded4b2190, L_0x7f8ded4b1b90, L_0x7f8ded4b1a60, C4<>;
LS_0x7f8ded4b2470_0_0 .concat8 [ 1 4 6 1], L_0x7f8ded4b0620, L_0x7f8ded4b0c00, L_0x7f8ded4b0fb0, L_0x7f8ded4b1860;
LS_0x7f8ded4b2470_0_4 .concat8 [ 1 19 0 0], L_0x7f8ded4b22f0, L_0x7f8ded4b2730;
L_0x7f8ded4b2470 .concat8 [ 12 20 0 0], LS_0x7f8ded4b2470_0_0, LS_0x7f8ded4b2470_0_4;
L_0x7f8ded4b2650 .part v0x7f8ded4a3b70_0, 14, 1;
L_0x7f8ded4b2820 .part v0x7f8ded4a3b70_0, 31, 1;
L_0x7f8ded4b00a0 .functor MUXZ 19, L_0x7f8dee873950, L_0x7f8dee873908, L_0x7f8ded4b28c0, C4<>;
L_0x7f8ded4b2730 .functor MUXZ 19, L_0x7f8dee873998, L_0x7f8ded4b00a0, L_0x7f8ded4b2390, C4<>;
    .scope S_0x7f8ded4a0280;
T_0 ;
    %wait E_0x7f8ded4a0500;
    %load/vec4 v0x7f8ded4a0840_0;
    %flag_set/vec4 8;
    %jmp/0xz  T_0.0, 8;
    %pushi/vec4 0, 0, 32;
    %assign/vec4 v0x7f8ded4a0770_0, 0;
    %jmp T_0.1;
T_0.0 ;
    %load/vec4 v0x7f8ded4a0550_0;
    %flag_set/vec4 8;
    %jmp/0xz  T_0.2, 8;
    %load/vec4 v0x7f8ded4a0910_0;
    %flag_set/vec4 8;
    %jmp/0xz  T_0.4, 8;
    %load/vec4 v0x7f8ded4a06a0_0;
    %assign/vec4 v0x7f8ded4a0770_0, 0;
    %jmp T_0.5;
T_0.4 ;
    %load/vec4 v0x7f8ded4a0770_0;
    %assign/vec4 v0x7f8ded4a0770_0, 0;
T_0.5 ;
T_0.2 ;
T_0.1 ;
    %jmp T_0;
    .thread T_0;
    .scope S_0x7f8ded4a4a90;
T_1 ;
    %wait E_0x7f8ded497d90;
    %load/vec4 v0x7f8ded4a51d0_0;
    %load/vec4 v0x7f8ded4a4d50_0;
    %pad/u 32;
    %pushi/vec4 0, 0, 32;
    %cmp/ne;
    %flag_get/vec4 4;
    %and;
    %flag_set/vec4 8;
    %jmp/0xz  T_1.0, 8;
    %load/vec4 v0x7f8ded4a4e40_0;
    %load/vec4 v0x7f8ded4a4d50_0;
    %pad/u 7;
    %ix/vec4 3;
    %ix/load 4, 0, 0; Constant delay
    %assign/vec4/a/d v0x7f8ded4a5ad0, 0, 4;
T_1.0 ;
    %jmp T_1;
    .thread T_1;
    .scope S_0x7f8ded499170;
T_2 ;
    %wait E_0x7f8ded497d90;
    %load/vec4 v0x7f8ded499420_0;
    %flag_set/vec4 8;
    %jmp/0xz  T_2.0, 8;
    %load/vec4 v0x7f8ded499a40_0;
    %load/vec4 v0x7f8ded499880_0;
    %ix/load 4, 2, 0;
    %flag_set/imm 4, 0;
    %shiftr 4;
    %ix/vec4 3;
    %ix/load 4, 0, 0; Constant delay
    %assign/vec4/a/d v0x7f8ded499b90, 0, 4;
T_2.0 ;
    %jmp T_2;
    .thread T_2;
    .scope S_0x7f8ded4a3710;
T_3 ;
    %wait E_0x7f8ded497d90;
    %load/vec4 v0x7f8ded4a1c00_0;
    %cmpi/e 1, 0, 1;
    %jmp/0xz  T_3.0, 4;
    %load/vec4 v0x7f8ded4a3c00_0;
    %assign/vec4 v0x7f8ded4a3cd0_0, 0;
    %pushi/vec4 0, 0, 32;
    %assign/vec4 v0x7f8ded4a3b70_0, 0;
    %jmp T_3.1;
T_3.0 ;
    %load/vec4 v0x7f8ded4a3d60_0;
    %cmpi/e 1, 0, 1;
    %jmp/0xz  T_3.2, 4;
    %load/vec4 v0x7f8ded4a3cd0_0;
    %assign/vec4 v0x7f8ded4a3cd0_0, 0;
    %load/vec4 v0x7f8ded4a3b70_0;
    %assign/vec4 v0x7f8ded4a3b70_0, 0;
    %jmp T_3.3;
T_3.2 ;
    %load/vec4 v0x7f8ded4a3c00_0;
    %assign/vec4 v0x7f8ded4a3cd0_0, 0;
    %load/vec4 v0x7f8ded4a3ae0_0;
    %assign/vec4 v0x7f8ded4a3b70_0, 0;
T_3.3 ;
T_3.1 ;
    %jmp T_3;
    .thread T_3;
    .scope S_0x7f8ded4a1940;
T_4 ;
    %wait E_0x7f8ded497d90;
    %load/vec4 v0x7f8ded4a1fc0_0;
    %assign/vec4 v0x7f8ded4a2050_0, 0;
    %load/vec4 v0x7f8ded4a20e0_0;
    %assign/vec4 v0x7f8ded4a2170_0, 0;
    %load/vec4 v0x7f8ded4a2e80_0;
    %assign/vec4 v0x7f8ded4a2f30_0, 0;
    %load/vec4 v0x7f8ded4a2480_0;
    %assign/vec4 v0x7f8ded4a2590_0, 0;
    %load/vec4 v0x7f8ded4a2320_0;
    %assign/vec4 v0x7f8ded4a23b0_0, 0;
    %load/vec4 v0x7f8ded4a2620_0;
    %assign/vec4 v0x7f8ded4a26b0_0, 0;
    %load/vec4 v0x7f8ded4a28a0_0;
    %assign/vec4 v0x7f8ded4a2930_0, 0;
    %load/vec4 v0x7f8ded4a29e0_0;
    %assign/vec4 v0x7f8ded4a2b90_0, 0;
    %load/vec4 v0x7f8ded4a31b0_0;
    %assign/vec4 v0x7f8ded4a3260_0, 0;
    %load/vec4 v0x7f8ded4a3070_0;
    %assign/vec4 v0x7f8ded4a3100_0, 0;
    %load/vec4 v0x7f8ded4a2740_0;
    %assign/vec4 v0x7f8ded4a27d0_0, 0;
    %load/vec4 v0x7f8ded4a2200_0;
    %assign/vec4 v0x7f8ded4a2290_0, 0;
    %load/vec4 v0x7f8ded4a2c20_0;
    %assign/vec4 v0x7f8ded4a2cb0_0, 0;
    %load/vec4 v0x7f8ded4a2d40_0;
    %assign/vec4 v0x7f8ded4a2dd0_0, 0;
    %jmp T_4;
    .thread T_4;
    .scope S_0x7f8ded4a0a10;
T_5 ;
    %wait E_0x7f8ded497d90;
    %load/vec4 v0x7f8ded4a14b0_0;
    %assign/vec4 v0x7f8ded4a1540_0, 0;
    %load/vec4 v0x7f8ded4a1070_0;
    %assign/vec4 v0x7f8ded4a1140_0, 0;
    %load/vec4 v0x7f8ded4a0f10_0;
    %assign/vec4 v0x7f8ded4a0fc0_0, 0;
    %load/vec4 v0x7f8ded4a11d0_0;
    %assign/vec4 v0x7f8ded4a1260_0, 0;
    %load/vec4 v0x7f8ded4a0dd0_0;
    %assign/vec4 v0x7f8ded4a0e80_0, 0;
    %load/vec4 v0x7f8ded4a16a0_0;
    %assign/vec4 v0x7f8ded4a1770_0, 0;
    %load/vec4 v0x7f8ded4a12f0_0;
    %assign/vec4 v0x7f8ded4a1420_0, 0;
    %jmp T_5;
    .thread T_5;
    .scope S_0x7f8ded4a3e90;
T_6 ;
    %wait E_0x7f8ded497d90;
    %load/vec4 v0x7f8ded4a4640_0;
    %assign/vec4 v0x7f8ded4a4710_0, 0;
    %load/vec4 v0x7f8ded4a4380_0;
    %assign/vec4 v0x7f8ded4a4410_0, 0;
    %load/vec4 v0x7f8ded4a48b0_0;
    %assign/vec4 v0x7f8ded4a4940_0, 0;
    %load/vec4 v0x7f8ded4a41c0_0;
    %assign/vec4 v0x7f8ded4a42f0_0, 0;
    %load/vec4 v0x7f8ded4a44a0_0;
    %assign/vec4 v0x7f8ded4a45b0_0, 0;
    %jmp T_6;
    .thread T_6;
    .scope S_0x7f8ded419270;
T_7 ;
    %delay 25, 0;
    %load/vec4 v0x7f8ded4abea0_0;
    %inv;
    %store/vec4 v0x7f8ded4abea0_0, 0, 1;
    %jmp T_7;
    .thread T_7;
    .scope S_0x7f8ded419270;
T_8 ;
    %vpi_call 3 21 "$dumpfile", "CPU.vcd" {0 0 0};
    %vpi_call 3 22 "$dumpvars" {0 0 0};
    %pushi/vec4 0, 0, 32;
    %store/vec4 v0x7f8ded4ac150_0, 0, 32;
    %pushi/vec4 0, 0, 32;
    %store/vec4 v0x7f8ded4ac3d0_0, 0, 32;
    %pushi/vec4 0, 0, 32;
    %store/vec4 v0x7f8ded4ac1e0_0, 0, 32;
    %pushi/vec4 0, 0, 32;
    %store/vec4 v0x7f8ded4ac2b0_0, 0, 32;
T_8.0 ;
    %load/vec4 v0x7f8ded4ac2b0_0;
    %cmpi/s 256, 0, 32;
    %jmp/0xz T_8.1, 5;
    %pushi/vec4 0, 0, 32;
    %ix/getv/s 4, v0x7f8ded4ac2b0_0;
    %store/vec4a v0x7f8ded49fc50, 4, 0;
    %load/vec4 v0x7f8ded4ac2b0_0;
    %addi 1, 0, 32;
    %store/vec4 v0x7f8ded4ac2b0_0, 0, 32;
    %jmp T_8.0;
T_8.1 ;
    %pushi/vec4 0, 0, 32;
    %store/vec4 v0x7f8ded4ac2b0_0, 0, 32;
T_8.2 ;
    %load/vec4 v0x7f8ded4ac2b0_0;
    %cmpi/s 32, 0, 32;
    %jmp/0xz T_8.3, 5;
    %pushi/vec4 0, 0, 32;
    %ix/getv/s 4, v0x7f8ded4ac2b0_0;
    %store/vec4a v0x7f8ded499b90, 4, 0;
    %load/vec4 v0x7f8ded4ac2b0_0;
    %addi 1, 0, 32;
    %store/vec4 v0x7f8ded4ac2b0_0, 0, 32;
    %jmp T_8.2;
T_8.3 ;
    %pushi/vec4 5, 0, 32;
    %ix/load 4, 0, 0;
    %flag_set/imm 4, 0;
    %store/vec4a v0x7f8ded499b90, 4, 0;
    %pushi/vec4 0, 0, 32;
    %store/vec4 v0x7f8ded4ac2b0_0, 0, 32;
T_8.4 ;
    %load/vec4 v0x7f8ded4ac2b0_0;
    %cmpi/s 32, 0, 32;
    %jmp/0xz T_8.5, 5;
    %pushi/vec4 0, 0, 32;
    %ix/getv/s 4, v0x7f8ded4ac2b0_0;
    %store/vec4a v0x7f8ded4a5ad0, 4, 0;
    %load/vec4 v0x7f8ded4ac2b0_0;
    %addi 1, 0, 32;
    %store/vec4 v0x7f8ded4ac2b0_0, 0, 32;
    %jmp T_8.4;
T_8.5 ;
    %pushi/vec4 0, 0, 32;
    %store/vec4 v0x7f8ded4a3cd0_0, 0, 32;
    %pushi/vec4 0, 0, 32;
    %store/vec4 v0x7f8ded4a3b70_0, 0, 32;
    %pushi/vec4 0, 0, 1;
    %store/vec4 v0x7f8ded4a2f30_0, 0, 1;
    %pushi/vec4 0, 0, 1;
    %store/vec4 v0x7f8ded4a26b0_0, 0, 1;
    %pushi/vec4 0, 0, 1;
    %store/vec4 v0x7f8ded4a23b0_0, 0, 1;
    %pushi/vec4 0, 0, 1;
    %store/vec4 v0x7f8ded4a2590_0, 0, 1;
    %pushi/vec4 0, 0, 3;
    %store/vec4 v0x7f8ded4a2050_0, 0, 3;
    %pushi/vec4 0, 0, 10;
    %store/vec4 v0x7f8ded4a3100_0, 0, 10;
    %pushi/vec4 0, 0, 1;
    %store/vec4 v0x7f8ded4a2170_0, 0, 1;
    %pushi/vec4 0, 0, 32;
    %store/vec4 v0x7f8ded4a3260_0, 0, 32;
    %pushi/vec4 0, 0, 32;
    %store/vec4 v0x7f8ded4a2930_0, 0, 32;
    %pushi/vec4 0, 0, 32;
    %store/vec4 v0x7f8ded4a2b90_0, 0, 32;
    %pushi/vec4 0, 0, 5;
    %store/vec4 v0x7f8ded4a2cb0_0, 0, 5;
    %pushi/vec4 0, 0, 5;
    %store/vec4 v0x7f8ded4a2dd0_0, 0, 5;
    %pushi/vec4 0, 0, 5;
    %store/vec4 v0x7f8ded4a27d0_0, 0, 5;
    %pushi/vec4 0, 0, 1;
    %store/vec4 v0x7f8ded4a1540_0, 0, 1;
    %pushi/vec4 0, 0, 1;
    %store/vec4 v0x7f8ded4a1260_0, 0, 1;
    %pushi/vec4 0, 0, 1;
    %store/vec4 v0x7f8ded4a0fc0_0, 0, 1;
    %pushi/vec4 0, 0, 1;
    %store/vec4 v0x7f8ded4a1140_0, 0, 1;
    %pushi/vec4 0, 0, 32;
    %store/vec4 v0x7f8ded4a0e80_0, 0, 32;
    %pushi/vec4 0, 0, 32;
    %store/vec4 v0x7f8ded4a1770_0, 0, 32;
    %pushi/vec4 0, 0, 5;
    %store/vec4 v0x7f8ded4a1420_0, 0, 5;
    %pushi/vec4 0, 0, 1;
    %store/vec4 v0x7f8ded4a4710_0, 0, 1;
    %pushi/vec4 0, 0, 1;
    %store/vec4 v0x7f8ded4a4410_0, 0, 1;
    %pushi/vec4 0, 0, 32;
    %store/vec4 v0x7f8ded4a42f0_0, 0, 32;
    %pushi/vec4 0, 0, 32;
    %store/vec4 v0x7f8ded4a4940_0, 0, 32;
    %pushi/vec4 0, 0, 5;
    %store/vec4 v0x7f8ded4a45b0_0, 0, 5;
    %vpi_call 3 79 "$readmemb", "instruction_2.txt", v0x7f8ded49fc50 {0 0 0};
    %vpi_func 3 83 "$fopen" 32, "output2.txt" {0 0 0};
    %pushi/vec4 1, 0, 32;
    %or;
    %store/vec4 v0x7f8ded4ac340_0, 0, 32;
    %pushi/vec4 1, 0, 1;
    %store/vec4 v0x7f8ded4abea0_0, 0, 1;
    %pushi/vec4 1, 0, 1;
    %store/vec4 v0x7f8ded4ac030_0, 0, 1;
    %pushi/vec4 0, 0, 1;
    %store/vec4 v0x7f8ded4ac0c0_0, 0, 1;
    %delay 12, 0;
    %pushi/vec4 0, 0, 1;
    %store/vec4 v0x7f8ded4ac030_0, 0, 1;
    %pushi/vec4 1, 0, 1;
    %store/vec4 v0x7f8ded4ac0c0_0, 0, 1;
    %end;
    .thread T_8;
    .scope S_0x7f8ded419270;
T_9 ;
    %wait E_0x7f8ded497d90;
    %load/vec4 v0x7f8ded4ac150_0;
    %cmpi/e 64, 0, 32;
    %jmp/0xz  T_9.0, 4;
    %vpi_call 3 98 "$finish" {0 0 0};
T_9.0 ;
    %load/vec4 v0x7f8ded49e4b0_0;
    %pad/u 32;
    %pushi/vec4 1, 0, 32;
    %cmp/e;
    %flag_get/vec4 4;
    %load/vec4 v0x7f8ded4978d0_0;
    %pad/u 32;
    %pushi/vec4 0, 0, 32;
    %cmp/e;
    %flag_get/vec4 4;
    %and;
    %flag_set/vec4 8;
    %jmp/0xz  T_9.2, 8;
    %load/vec4 v0x7f8ded4ac3d0_0;
    %addi 1, 0, 32;
    %store/vec4 v0x7f8ded4ac3d0_0, 0, 32;
T_9.2 ;
    %load/vec4 v0x7f8ded496dc0_0;
    %pad/u 32;
    %cmpi/e 1, 0, 32;
    %jmp/0xz  T_9.4, 4;
    %load/vec4 v0x7f8ded4ac1e0_0;
    %addi 1, 0, 32;
    %store/vec4 v0x7f8ded4ac1e0_0, 0, 32;
T_9.4 ;
    %vpi_call 3 106 "$fdisplay", v0x7f8ded4ac340_0, "cycle = %d, Start = %0d, Stall = %0d, Flush = %0d\012PC = %d", v0x7f8ded4ac150_0, v0x7f8ded4ac0c0_0, v0x7f8ded4ac3d0_0, v0x7f8ded4ac1e0_0, v0x7f8ded4a0770_0 {0 0 0};
    %vpi_call 3 110 "$fdisplay", v0x7f8ded4ac340_0, "Registers" {0 0 0};
    %vpi_call 3 111 "$fdisplay", v0x7f8ded4ac340_0, "x0 = %d, x8  = %d, x16 = %d, x24 = %d", &A<v0x7f8ded4a5ad0, 0>, &A<v0x7f8ded4a5ad0, 8>, &A<v0x7f8ded4a5ad0, 16>, &A<v0x7f8ded4a5ad0, 24> {0 0 0};
    %vpi_call 3 112 "$fdisplay", v0x7f8ded4ac340_0, "x1 = %d, x9  = %d, x17 = %d, x25 = %d", &A<v0x7f8ded4a5ad0, 1>, &A<v0x7f8ded4a5ad0, 9>, &A<v0x7f8ded4a5ad0, 17>, &A<v0x7f8ded4a5ad0, 25> {0 0 0};
    %vpi_call 3 113 "$fdisplay", v0x7f8ded4ac340_0, "x2 = %d, x10 = %d, x18 = %d, x26 = %d", &A<v0x7f8ded4a5ad0, 2>, &A<v0x7f8ded4a5ad0, 10>, &A<v0x7f8ded4a5ad0, 18>, &A<v0x7f8ded4a5ad0, 26> {0 0 0};
    %vpi_call 3 114 "$fdisplay", v0x7f8ded4ac340_0, "x3 = %d, x11 = %d, x19 = %d, x27 = %d", &A<v0x7f8ded4a5ad0, 3>, &A<v0x7f8ded4a5ad0, 11>, &A<v0x7f8ded4a5ad0, 19>, &A<v0x7f8ded4a5ad0, 27> {0 0 0};
    %vpi_call 3 115 "$fdisplay", v0x7f8ded4ac340_0, "x4 = %d, x12 = %d, x20 = %d, x28 = %d", &A<v0x7f8ded4a5ad0, 4>, &A<v0x7f8ded4a5ad0, 12>, &A<v0x7f8ded4a5ad0, 20>, &A<v0x7f8ded4a5ad0, 28> {0 0 0};
    %vpi_call 3 116 "$fdisplay", v0x7f8ded4ac340_0, "x5 = %d, x13 = %d, x21 = %d, x29 = %d", &A<v0x7f8ded4a5ad0, 5>, &A<v0x7f8ded4a5ad0, 13>, &A<v0x7f8ded4a5ad0, 21>, &A<v0x7f8ded4a5ad0, 29> {0 0 0};
    %vpi_call 3 117 "$fdisplay", v0x7f8ded4ac340_0, "x6 = %d, x14 = %d, x22 = %d, x30 = %d", &A<v0x7f8ded4a5ad0, 6>, &A<v0x7f8ded4a5ad0, 14>, &A<v0x7f8ded4a5ad0, 22>, &A<v0x7f8ded4a5ad0, 30> {0 0 0};
    %vpi_call 3 118 "$fdisplay", v0x7f8ded4ac340_0, "x7 = %d, x15 = %d, x23 = %d, x31 = %d", &A<v0x7f8ded4a5ad0, 7>, &A<v0x7f8ded4a5ad0, 15>, &A<v0x7f8ded4a5ad0, 23>, &A<v0x7f8ded4a5ad0, 31> {0 0 0};
    %vpi_call 3 122 "$fdisplay", v0x7f8ded4ac340_0, "Data Memory: 0x00 = %10d", &A<v0x7f8ded499b90, 0> {0 0 0};
    %vpi_call 3 123 "$fdisplay", v0x7f8ded4ac340_0, "Data Memory: 0x04 = %10d", &A<v0x7f8ded499b90, 1> {0 0 0};
    %vpi_call 3 124 "$fdisplay", v0x7f8ded4ac340_0, "Data Memory: 0x08 = %10d", &A<v0x7f8ded499b90, 2> {0 0 0};
    %vpi_call 3 125 "$fdisplay", v0x7f8ded4ac340_0, "Data Memory: 0x0C = %10d", &A<v0x7f8ded499b90, 3> {0 0 0};
    %vpi_call 3 126 "$fdisplay", v0x7f8ded4ac340_0, "Data Memory: 0x10 = %10d", &A<v0x7f8ded499b90, 4> {0 0 0};
    %vpi_call 3 127 "$fdisplay", v0x7f8ded4ac340_0, "Data Memory: 0x14 = %10d", &A<v0x7f8ded499b90, 5> {0 0 0};
    %vpi_call 3 128 "$fdisplay", v0x7f8ded4ac340_0, "Data Memory: 0x18 = %10d", &A<v0x7f8ded499b90, 6> {0 0 0};
    %vpi_call 3 129 "$fdisplay", v0x7f8ded4ac340_0, "Data Memory: 0x1C = %10d", &A<v0x7f8ded499b90, 7> {0 0 0};
    %vpi_call 3 131 "$fdisplay", v0x7f8ded4ac340_0, "\012" {0 0 0};
    %load/vec4 v0x7f8ded4ac150_0;
    %addi 1, 0, 32;
    %store/vec4 v0x7f8ded4ac150_0, 0, 32;
    %jmp T_9;
    .thread T_9;
# The file index is used to find the file name in the following table.
:file_names 23;
    "N/A";
    "<interactive>";
    "MUX4_32.v";
    "testbench.v";
    "CPU.v";
    "ALU.v";
    "ALU_Control.v";
    "Adder.v";
    "Branch_Unit.v";
    "Control.v";
    "Data_Memory.v";
    "Forward_Mux.v";
    "Forward_Unit.v";
    "MUX32.v";
    "Hazard_Detection_Unit.v";
    "Instruction_Memory.v";
    "PC.v";
    "RegisterEX_MEM.v";
    "RegisterID_EX.v";
    "RegisterIF_ID.v";
    "RegisterMEM_WB.v";
    "Registers.v";
    "immeGen.v";
